Success (32):
datatype 2448 {urn:com:appian:types}TEST_testCDT "{urn:com:appian:types}TEST_testCDT"
datatype 2480 {urn:com:appian:vfm}TEST_dates "{urn:com:appian:vfm}TEST_dates"
datatype 2520 {urn:com:appian:types}test "{urn:com:appian:types}test"
dataStore 2626 _a-0000dcb6-31b2-8000-9ccd-01ef9001ef90_2603 "Test Tables"
group 7 _e-0000dcae-5224-8000-9ccd-011e94011e94_7 "VFM All Users"
group 8 _e-0000dcae-5224-8000-9ccd-011e94011e94_8 "VFM Admins"
group 9 _e-0000dcae-5224-8000-9ccd-011e94011e94_9 "VFM Registrars"
group 10 _e-0000dcae-5224-8000-9ccd-011e94011e94_10 "VFM Supervisors"
content 2561 _a-0000dcae-4e27-8000-9ccd-01ef9001ef90_2561 "VFM Rules and Constants"
content 2562 _a-0000dcae-4e27-8000-9ccd-01ef9001ef90_2562 "VFM Query Rules"
content 2563 _a-0000dcae-4e27-8000-9ccd-01ef9001ef90_2563 "VFM Constants"
content 2564 _a-0000dcae-4e27-8000-9ccd-01ef9001ef90_2564 "VFM Expression Rules"
content 2565 _a-0000dcae-4e27-8000-9ccd-01ef9001ef90_2565 "VFM Query Rules "
content 2566 _a-0000dcae-4e27-8000-9ccd-01ef9001ef90_2566 "VFM Interface Rules"
content 2615 _a-0000dcae-4e27-8000-9ccd-01ef9001ef90_2567 "VFM_TASK_EXPIRATION_TIME_IN_HOURS"
content 2617 _a-0000dcae-4e27-8000-9ccd-01ef9001ef90_2568 "VFM_VEHICLE_CATEGORIES"
content 2616 _a-0000dcae-4e27-8000-9ccd-01ef9001ef90_2569 "VFM_RETRY_APPROVAL_COUNTER"
content 2619 _a-0000dcae-4e27-8000-9ccd-01ef9001ef90_2570 "VFM_isVehicleDenied"
content 2618 _a-0000dcae-4e27-8000-9ccd-01ef9001ef90_2572 "VFM_calculateNextServiceDate"
content 2580 _a-0000dcaf-5d63-8000-9ccd-01ef9001ef90_2581 "TEST"
content 2581 _a-0000dcaf-5d63-8000-9ccd-01ef9001ef90_2582 "TEST"
content 2620 _a-0000dcaf-5d63-8000-9ccd-01ef9001ef90_2583 "2015-12-17_17-28-20"
content 2621 _a-0000dcaf-5d63-8000-9ccd-01ef9001ef90_2584 "TEST_VIDEO_COMPONENT"
content 2622 _a-0000dcb0-ccfe-8000-9ccd-01ef9001ef90_2585 "TEST Process Report"
content 2623 _a-0000dcb6-31b2-8000-9ccd-01ef9001ef90_2620 "TEST_TEST_DATES_ENTITY"
content 2625 _a-0000dcb6-3fcb-8000-9ccd-01ef9001ef90_2622 "TEST_addTimeToDateTime"
content 2624 _a-0000dcb6-3fcb-8000-9ccd-01ef9001ef90_2623 "TEST_getAllDateTimes"
processModelFolder 2 _g-0000dcb9-fc29-8000-9ccd-014d98014d98_2 "VFM"
processModel 9 0002dcba-125c-8000-9ccd-014d98014d98 "testing"
application 2556 _a-0000dcae-4c17-8000-9ccd-01ef9001ef90_2556 "Vehicle Fleet Management"
tempoReport 1 a551f0cc-3635-4f05-ad65-2d3f8ca0e7f1 "TEST_report"
webApi 5 e4d1f3b5-9aa0-46a6-b077-a1a474a0b460 "test1"

Referenced precedents that were not exported (1):
user courtney.koenig courtney.koenig

Trace:
2016-04-12 19:16:40.531 DEBUG application 2556 _a-0000dcae-4c17-8000-9ccd-01ef9001ef90_2556 Begin transport.
2016-04-12 19:16:40.531 DEBUG application 2556 _a-0000dcae-4c17-8000-9ccd-01ef9001ef90_2556 Retrieving object data.
2016-04-12 19:16:40.548 DEBUG application 2556 _a-0000dcae-4c17-8000-9ccd-01ef9001ef90_2556 App associated objects: GlobalIdMap[datatype=[{urn:com:appian:types}TEST_testCDT, {urn:com:appian:vfm}TEST_dates, {urn:com:appian:types}test],dataStore=[_a-0000dcb6-31b2-8000-9ccd-01ef9001ef90_2603],group=[_e-0000dcae-5224-8000-9ccd-011e94011e94_7, _e-0000dcae-5224-8000-9ccd-011e94011e94_8, _e-0000dcae-5224-8000-9ccd-011e94011e94_9, _e-0000dcae-5224-8000-9ccd-011e94011e94_10],content=[_a-0000dcae-4e27-8000-9ccd-01ef9001ef90_2561, _a-0000dcae-4e27-8000-9ccd-01ef9001ef90_2562, _a-0000dcae-4e27-8000-9ccd-01ef9001ef90_2563, _a-0000dcae-4e27-8000-9ccd-01ef9001ef90_2564, _a-0000dcae-4e27-8000-9ccd-01ef9001ef90_2565, _a-0000dcae-4e27-8000-9ccd-01ef9001ef90_2566, _a-0000dcae-4e27-8000-9ccd-01ef9001ef90_2567, _a-0000dcae-4e27-8000-9ccd-01ef9001ef90_2568, _a-0000dcae-4e27-8000-9ccd-01ef9001ef90_2569, _a-0000dcae-4e27-8000-9ccd-01ef9001ef90_2570, _a-0000dcae-4e27-8000-9ccd-01ef9001ef90_2572, _a-0000dcaf-5d63-8000-9ccd-01ef9001ef90_2581, _a-0000dcaf-5d63-8000-9ccd-01ef9001ef90_2582, _a-0000dcaf-5d63-8000-9ccd-01ef9001ef90_2583, _a-0000dcaf-5d63-8000-9ccd-01ef9001ef90_2584, _a-0000dcb0-ccfe-8000-9ccd-01ef9001ef90_2585, _a-0000dcb6-31b2-8000-9ccd-01ef9001ef90_2620, _a-0000dcb6-3fcb-8000-9ccd-01ef9001ef90_2622, _a-0000dcb6-3fcb-8000-9ccd-01ef9001ef90_2623],processModelFolder=[_g-0000dcb9-fc29-8000-9ccd-014d98014d98_2],processModel=[0002dcba-125c-8000-9ccd-014d98014d98],tempoReport=[a551f0cc-3635-4f05-ad65-2d3f8ca0e7f1],webApi=[e4d1f3b5-9aa0-46a6-b077-a1a474a0b460]]
2016-04-12 19:16:40.572 DEBUG application 2556 _a-0000dcae-4c17-8000-9ccd-01ef9001ef90_2556 Invalid associated objects: GlobalIdMap[]
2016-04-12 19:16:40.572 DEBUG application 2556 _a-0000dcae-4c17-8000-9ccd-01ef9001ef90_2556 Adding valid associated objects to be exported: GlobalBindingMap[datatype={{urn:com:appian:types}TEST_testCDT=2448, {urn:com:appian:vfm}TEST_dates=2480, {urn:com:appian:types}test=2520},dataStore={_a-0000dcb6-31b2-8000-9ccd-01ef9001ef90_2603=2626},group={_e-0000dcae-5224-8000-9ccd-011e94011e94_7=7, _e-0000dcae-5224-8000-9ccd-011e94011e94_8=8, _e-0000dcae-5224-8000-9ccd-011e94011e94_9=9, _e-0000dcae-5224-8000-9ccd-011e94011e94_10=10},content={_a-0000dcae-4e27-8000-9ccd-01ef9001ef90_2561=2561, _a-0000dcae-4e27-8000-9ccd-01ef9001ef90_2562=2562, _a-0000dcae-4e27-8000-9ccd-01ef9001ef90_2563=2563, _a-0000dcae-4e27-8000-9ccd-01ef9001ef90_2564=2564, _a-0000dcae-4e27-8000-9ccd-01ef9001ef90_2565=2565, _a-0000dcae-4e27-8000-9ccd-01ef9001ef90_2566=2566, _a-0000dcae-4e27-8000-9ccd-01ef9001ef90_2567=2615, _a-0000dcae-4e27-8000-9ccd-01ef9001ef90_2568=2617, _a-0000dcae-4e27-8000-9ccd-01ef9001ef90_2569=2616, _a-0000dcae-4e27-8000-9ccd-01ef9001ef90_2570=2619, _a-0000dcae-4e27-8000-9ccd-01ef9001ef90_2572=2618, _a-0000dcaf-5d63-8000-9ccd-01ef9001ef90_2581=2580, _a-0000dcaf-5d63-8000-9ccd-01ef9001ef90_2582=2581, _a-0000dcaf-5d63-8000-9ccd-01ef9001ef90_2583=2620, _a-0000dcaf-5d63-8000-9ccd-01ef9001ef90_2584=2621, _a-0000dcb0-ccfe-8000-9ccd-01ef9001ef90_2585=2622, _a-0000dcb6-31b2-8000-9ccd-01ef9001ef90_2620=2623, _a-0000dcb6-3fcb-8000-9ccd-01ef9001ef90_2622=2625, _a-0000dcb6-3fcb-8000-9ccd-01ef9001ef90_2623=2624},processModelFolder={_g-0000dcb9-fc29-8000-9ccd-014d98014d98_2=2},processModel={0002dcba-125c-8000-9ccd-014d98014d98=9},tempoReport={a551f0cc-3635-4f05-ad65-2d3f8ca0e7f1=1},webApi={e4d1f3b5-9aa0-46a6-b077-a1a474a0b460=5}]
2016-04-12 19:16:40.572 DEBUG application 2556 _a-0000dcae-4c17-8000-9ccd-01ef9001ef90_2556 Setting uuids of object references.
2016-04-12 19:16:40.575 DEBUG application 2556 _a-0000dcae-4c17-8000-9ccd-01ef9001ef90_2556 Processing reference: Application.forum
2016-04-12 19:16:40.576 DEBUG application 2556 _a-0000dcae-4c17-8000-9ccd-01ef9001ef90_2556 Processing reference: Application.parent
2016-04-12 19:16:40.579 DEBUG application 2556 _a-0000dcae-4c17-8000-9ccd-01ef9001ef90_2556 Processing reference: com.appiancorp.suiteapi.content.ContentRoleMap@387b8459[
  ContentRole[name=readers,groupIds=[7],inherit=false,allowForAll=false]
  ContentRole[name=authors,inherit=false,allowForAll=false]
  ContentRole[name=administrators,groupIds=[8],inherit=false,allowForAll=false]
  ContentRole[name=denyReaders,inherit=false,allowForAll=false]
  ContentRole[name=denyAuthors,inherit=false,allowForAll=false]
  ContentRole[name=denyAdministrators,inherit=false,allowForAll=false]
  securityVector=1:SEC_PUBLIC=true,SEC_CREATOR_ADMIN=false,SEC_INH_ADMIN=false,SEC_INH_EDITOR=false,SEC_INH_VIEWER=false,SEC_ALL_ADMIN=false,SEC_ALL_EDITOR=false,SEC_ALL_VIEWER=false
]
2016-04-12 19:16:40.579 DEBUG application 2556 _a-0000dcae-4c17-8000-9ccd-01ef9001ef90_2556 Processing reference: ContentRole[name=readers,groupIds=[7],inherit=false,allowForAll=false]
2016-04-12 19:16:40.58 DEBUG group 7 _e-0000dcae-5224-8000-9ccd-011e94011e94_7 Begin transport.
2016-04-12 19:16:40.581 DEBUG group 7 _e-0000dcae-5224-8000-9ccd-011e94011e94_7 Retrieving object data.
2016-04-12 19:16:40.591 DEBUG group 7 _e-0000dcae-5224-8000-9ccd-011e94011e94_7 Setting uuids of object references.
2016-04-12 19:16:40.593 DEBUG group 7 _e-0000dcae-5224-8000-9ccd-011e94011e94_7 Processing reference: Role[name=<null>,groupIds=[8]]
2016-04-12 19:16:40.595 DEBUG group 8 _e-0000dcae-5224-8000-9ccd-011e94011e94_8 Begin transport.
2016-04-12 19:16:40.595 DEBUG group 8 _e-0000dcae-5224-8000-9ccd-011e94011e94_8 Retrieving object data.
2016-04-12 19:16:40.598 DEBUG group 8 _e-0000dcae-5224-8000-9ccd-011e94011e94_8 Setting uuids of object references.
2016-04-12 19:16:40.598 DEBUG group 8 _e-0000dcae-5224-8000-9ccd-011e94011e94_8 Processing reference: Role[name=<null>]
2016-04-12 19:16:40.6 DEBUG group 8 _e-0000dcae-5224-8000-9ccd-011e94011e94_8 Processing reference: Group.groupTypeId
2016-04-12 19:16:40.602 DEBUG group 8 _e-0000dcae-5224-8000-9ccd-011e94011e94_8 Processing reference: Group.parentId
2016-04-12 19:16:40.603 DEBUG group 7 _e-0000dcae-5224-8000-9ccd-011e94011e94_7 Begin transport.
2016-04-12 19:16:40.604 DEBUG group 7 _e-0000dcae-5224-8000-9ccd-011e94011e94_7 Loop detected: [group:7, group:8]
2016-04-12 19:16:40.604 DEBUG group 7 Breaking loop [group:7, group:8]. group:8 will be transported with its reference to 7 nulled out and will require a second pass.
2016-04-12 19:16:40.605 DEBUG group 8 _e-0000dcae-5224-8000-9ccd-011e94011e94_8 Processing reference: Group.homePageId
2016-04-12 19:16:40.605 DEBUG group 8 _e-0000dcae-5224-8000-9ccd-011e94011e94_8 Processing reference: Role[name=<null>]
2016-04-12 19:16:40.607 DEBUG group 8 _e-0000dcae-5224-8000-9ccd-011e94011e94_8 Object transported with these references nulled out: [group:7]
2016-04-12 19:16:40.607 DEBUG group 7 _e-0000dcae-5224-8000-9ccd-011e94011e94_7 Processing reference: Group.groupTypeId
2016-04-12 19:16:40.608 DEBUG group 7 _e-0000dcae-5224-8000-9ccd-011e94011e94_7 Processing reference: Group.parentId
2016-04-12 19:16:40.609 DEBUG group 7 _e-0000dcae-5224-8000-9ccd-011e94011e94_7 Processing reference: Group.homePageId
2016-04-12 19:16:40.609 DEBUG group 7 _e-0000dcae-5224-8000-9ccd-011e94011e94_7 Processing reference: Role[name=<null>,groupIds=[8, 9, 10]]
2016-04-12 19:16:40.609 DEBUG group 9 _e-0000dcae-5224-8000-9ccd-011e94011e94_9 Begin transport.
2016-04-12 19:16:40.61 DEBUG group 9 _e-0000dcae-5224-8000-9ccd-011e94011e94_9 Retrieving object data.
2016-04-12 19:16:40.613 DEBUG group 9 _e-0000dcae-5224-8000-9ccd-011e94011e94_9 Setting uuids of object references.
2016-04-12 19:16:40.613 DEBUG group 9 _e-0000dcae-5224-8000-9ccd-011e94011e94_9 Processing reference: Role[name=<null>]
2016-04-12 19:16:40.613 DEBUG group 9 _e-0000dcae-5224-8000-9ccd-011e94011e94_9 Processing reference: Group.groupTypeId
2016-04-12 19:16:40.614 DEBUG group 9 _e-0000dcae-5224-8000-9ccd-011e94011e94_9 Processing reference: Group.parentId
2016-04-12 19:16:40.615 DEBUG group 7 _e-0000dcae-5224-8000-9ccd-011e94011e94_7 Begin transport.
2016-04-12 19:16:40.615 DEBUG group 7 _e-0000dcae-5224-8000-9ccd-011e94011e94_7 Loop detected: [group:7, group:9]
2016-04-12 19:16:40.616 DEBUG group 7 Breaking loop [group:7, group:9]. group:9 will be transported with its reference to 7 nulled out and will require a second pass.
2016-04-12 19:16:40.616 DEBUG group 9 _e-0000dcae-5224-8000-9ccd-011e94011e94_9 Processing reference: Group.homePageId
2016-04-12 19:16:40.616 DEBUG group 9 _e-0000dcae-5224-8000-9ccd-011e94011e94_9 Processing reference: Role[name=<null>]
2016-04-12 19:16:40.617 DEBUG group 9 _e-0000dcae-5224-8000-9ccd-011e94011e94_9 Object transported with these references nulled out: [group:7]
2016-04-12 19:16:40.617 DEBUG group 10 _e-0000dcae-5224-8000-9ccd-011e94011e94_10 Begin transport.
2016-04-12 19:16:40.617 DEBUG group 10 _e-0000dcae-5224-8000-9ccd-011e94011e94_10 Retrieving object data.
2016-04-12 19:16:40.62 DEBUG group 10 _e-0000dcae-5224-8000-9ccd-011e94011e94_10 Setting uuids of object references.
2016-04-12 19:16:40.62 DEBUG group 10 _e-0000dcae-5224-8000-9ccd-011e94011e94_10 Processing reference: Role[name=<null>]
2016-04-12 19:16:40.62 DEBUG group 10 _e-0000dcae-5224-8000-9ccd-011e94011e94_10 Processing reference: Group.groupTypeId
2016-04-12 19:16:40.621 DEBUG group 10 _e-0000dcae-5224-8000-9ccd-011e94011e94_10 Processing reference: Group.parentId
2016-04-12 19:16:40.622 DEBUG group 7 _e-0000dcae-5224-8000-9ccd-011e94011e94_7 Begin transport.
2016-04-12 19:16:40.622 DEBUG group 7 _e-0000dcae-5224-8000-9ccd-011e94011e94_7 Loop detected: [group:7, group:10]
2016-04-12 19:16:40.622 DEBUG group 7 Breaking loop [group:7, group:10]. group:10 will be transported with its reference to 7 nulled out and will require a second pass.
2016-04-12 19:16:40.622 DEBUG group 10 _e-0000dcae-5224-8000-9ccd-011e94011e94_10 Processing reference: Group.homePageId
2016-04-12 19:16:40.623 DEBUG group 10 _e-0000dcae-5224-8000-9ccd-011e94011e94_10 Processing reference: Role[name=<null>]
2016-04-12 19:16:40.623 DEBUG group 10 _e-0000dcae-5224-8000-9ccd-011e94011e94_10 Object transported with these references nulled out: [group:7]
2016-04-12 19:16:40.623 DEBUG group 7 _e-0000dcae-5224-8000-9ccd-011e94011e94_7 Exporting binary resources.
2016-04-12 19:16:40.623 DEBUG group 7 _e-0000dcae-5224-8000-9ccd-011e94011e94_7 Serializing object to XML.
2016-04-12 19:16:40.862 DEBUG group 7 _e-0000dcae-5224-8000-9ccd-011e94011e94_7 Object transported.
2016-04-12 19:16:40.862 DEBUG group 7 _e-0000dcae-5224-8000-9ccd-011e94011e94_7 Binding pending incomplete: group:8
2016-04-12 19:16:40.863 DEBUG group 8 _e-0000dcae-5224-8000-9ccd-011e94011e94_8 Begin transport.
2016-04-12 19:16:40.863 DEBUG group 8 _e-0000dcae-5224-8000-9ccd-011e94011e94_8 Retrieving object data.
2016-04-12 19:16:40.866 DEBUG group 8 _e-0000dcae-5224-8000-9ccd-011e94011e94_8 Setting uuids of object references.
2016-04-12 19:16:40.866 DEBUG group 8 _e-0000dcae-5224-8000-9ccd-011e94011e94_8 Processing reference: Role[name=<null>]
2016-04-12 19:16:40.866 DEBUG group 8 _e-0000dcae-5224-8000-9ccd-011e94011e94_8 Processing reference: Group.groupTypeId
2016-04-12 19:16:40.868 DEBUG group 8 _e-0000dcae-5224-8000-9ccd-011e94011e94_8 Processing reference: Group.parentId
2016-04-12 19:16:40.869 DEBUG group 8 _e-0000dcae-5224-8000-9ccd-011e94011e94_8 Processing reference: Group.homePageId
2016-04-12 19:16:40.869 DEBUG group 8 _e-0000dcae-5224-8000-9ccd-011e94011e94_8 Processing reference: Role[name=<null>]
2016-04-12 19:16:40.869 DEBUG group 8 _e-0000dcae-5224-8000-9ccd-011e94011e94_8 Exporting binary resources.
2016-04-12 19:16:40.869 DEBUG group 8 _e-0000dcae-5224-8000-9ccd-011e94011e94_8 Serializing object to XML.
2016-04-12 19:16:40.87 DEBUG group 8 _e-0000dcae-5224-8000-9ccd-011e94011e94_8 Removed object from incomplete list.
2016-04-12 19:16:40.87 DEBUG group 8 _e-0000dcae-5224-8000-9ccd-011e94011e94_8 Object transported.
2016-04-12 19:16:40.87 DEBUG group 7 _e-0000dcae-5224-8000-9ccd-011e94011e94_7 Binding pending incomplete: group:9
2016-04-12 19:16:40.87 DEBUG group 9 _e-0000dcae-5224-8000-9ccd-011e94011e94_9 Begin transport.
2016-04-12 19:16:40.87 DEBUG group 9 _e-0000dcae-5224-8000-9ccd-011e94011e94_9 Retrieving object data.
2016-04-12 19:16:40.873 DEBUG group 9 _e-0000dcae-5224-8000-9ccd-011e94011e94_9 Setting uuids of object references.
2016-04-12 19:16:40.874 DEBUG group 9 _e-0000dcae-5224-8000-9ccd-011e94011e94_9 Processing reference: Role[name=<null>]
2016-04-12 19:16:40.874 DEBUG group 9 _e-0000dcae-5224-8000-9ccd-011e94011e94_9 Processing reference: Group.groupTypeId
2016-04-12 19:16:40.875 DEBUG group 9 _e-0000dcae-5224-8000-9ccd-011e94011e94_9 Processing reference: Group.parentId
2016-04-12 19:16:40.876 DEBUG group 9 _e-0000dcae-5224-8000-9ccd-011e94011e94_9 Processing reference: Group.homePageId
2016-04-12 19:16:40.876 DEBUG group 9 _e-0000dcae-5224-8000-9ccd-011e94011e94_9 Processing reference: Role[name=<null>]
2016-04-12 19:16:40.876 DEBUG group 9 _e-0000dcae-5224-8000-9ccd-011e94011e94_9 Exporting binary resources.
2016-04-12 19:16:40.876 DEBUG group 9 _e-0000dcae-5224-8000-9ccd-011e94011e94_9 Serializing object to XML.
2016-04-12 19:16:40.876 DEBUG group 9 _e-0000dcae-5224-8000-9ccd-011e94011e94_9 Removed object from incomplete list.
2016-04-12 19:16:40.876 DEBUG group 9 _e-0000dcae-5224-8000-9ccd-011e94011e94_9 Object transported.
2016-04-12 19:16:40.876 DEBUG group 7 _e-0000dcae-5224-8000-9ccd-011e94011e94_7 Binding pending incomplete: group:10
2016-04-12 19:16:40.877 DEBUG group 10 _e-0000dcae-5224-8000-9ccd-011e94011e94_10 Begin transport.
2016-04-12 19:16:40.877 DEBUG group 10 _e-0000dcae-5224-8000-9ccd-011e94011e94_10 Retrieving object data.
2016-04-12 19:16:40.88 DEBUG group 10 _e-0000dcae-5224-8000-9ccd-011e94011e94_10 Setting uuids of object references.
2016-04-12 19:16:40.88 DEBUG group 10 _e-0000dcae-5224-8000-9ccd-011e94011e94_10 Processing reference: Role[name=<null>]
2016-04-12 19:16:40.88 DEBUG group 10 _e-0000dcae-5224-8000-9ccd-011e94011e94_10 Processing reference: Group.groupTypeId
2016-04-12 19:16:40.881 DEBUG group 10 _e-0000dcae-5224-8000-9ccd-011e94011e94_10 Processing reference: Group.parentId
2016-04-12 19:16:40.882 DEBUG group 10 _e-0000dcae-5224-8000-9ccd-011e94011e94_10 Processing reference: Group.homePageId
2016-04-12 19:16:40.882 DEBUG group 10 _e-0000dcae-5224-8000-9ccd-011e94011e94_10 Processing reference: Role[name=<null>]
2016-04-12 19:16:40.883 DEBUG group 10 _e-0000dcae-5224-8000-9ccd-011e94011e94_10 Exporting binary resources.
2016-04-12 19:16:40.883 DEBUG group 10 _e-0000dcae-5224-8000-9ccd-011e94011e94_10 Serializing object to XML.
2016-04-12 19:16:40.883 DEBUG group 10 _e-0000dcae-5224-8000-9ccd-011e94011e94_10 Removed object from incomplete list.
2016-04-12 19:16:40.883 DEBUG group 10 _e-0000dcae-5224-8000-9ccd-011e94011e94_10 Object transported.
2016-04-12 19:16:40.883 DEBUG application 2556 _a-0000dcae-4c17-8000-9ccd-01ef9001ef90_2556 Processing reference: ContentRole[name=authors,inherit=false,allowForAll=false]
2016-04-12 19:16:40.883 DEBUG application 2556 _a-0000dcae-4c17-8000-9ccd-01ef9001ef90_2556 Processing reference: ContentRole[name=administrators,groupIds=[8],inherit=false,allowForAll=false]
2016-04-12 19:16:40.884 DEBUG application 2556 _a-0000dcae-4c17-8000-9ccd-01ef9001ef90_2556 Processing reference: ContentRole[name=denyReaders,inherit=false,allowForAll=false]
2016-04-12 19:16:40.884 DEBUG application 2556 _a-0000dcae-4c17-8000-9ccd-01ef9001ef90_2556 Processing reference: ContentRole[name=denyAuthors,inherit=false,allowForAll=false]
2016-04-12 19:16:40.884 DEBUG application 2556 _a-0000dcae-4c17-8000-9ccd-01ef9001ef90_2556 Processing reference: ContentRole[name=denyAdministrators,inherit=false,allowForAll=false]
2016-04-12 19:16:40.885 DEBUG datatype 2448 {urn:com:appian:types}TEST_testCDT Begin transport.
2016-04-12 19:16:40.926 DEBUG datatype 2448 {urn:com:appian:types}TEST_testCDT Retrieving object data.
2016-04-12 19:16:41.051 DEBUG datatype 2448 {urn:com:appian:types}TEST_testCDT Setting uuids of object references.
2016-04-12 19:16:41.082 DEBUG datatype 2448 {urn:com:appian:types}TEST_testCDT Exporting binary resources.
2016-04-12 19:16:41.082 DEBUG datatype 2448 {urn:com:appian:types}TEST_testCDT Serializing object to XML.
2016-04-12 19:16:41.085 DEBUG datatype 2448 {urn:com:appian:types}TEST_testCDT Object transported.
2016-04-12 19:16:41.085 DEBUG datatype 2480 {urn:com:appian:vfm}TEST_dates Begin transport.
2016-04-12 19:16:41.085 DEBUG datatype 2480 {urn:com:appian:vfm}TEST_dates Retrieving object data.
2016-04-12 19:16:41.104 DEBUG datatype 2480 {urn:com:appian:vfm}TEST_dates Setting uuids of object references.
2016-04-12 19:16:41.106 DEBUG datatype 2480 {urn:com:appian:vfm}TEST_dates Exporting binary resources.
2016-04-12 19:16:41.106 DEBUG datatype 2480 {urn:com:appian:vfm}TEST_dates Serializing object to XML.
2016-04-12 19:16:41.106 DEBUG datatype 2480 {urn:com:appian:vfm}TEST_dates Object transported.
2016-04-12 19:16:41.106 DEBUG datatype 2520 {urn:com:appian:types}test Begin transport.
2016-04-12 19:16:41.107 DEBUG datatype 2520 {urn:com:appian:types}test Retrieving object data.
2016-04-12 19:16:41.119 DEBUG datatype 2520 {urn:com:appian:types}test Setting uuids of object references.
2016-04-12 19:16:41.12 DEBUG datatype 2520 {urn:com:appian:types}test Exporting binary resources.
2016-04-12 19:16:41.12 DEBUG datatype 2520 {urn:com:appian:types}test Serializing object to XML.
2016-04-12 19:16:41.12 DEBUG datatype 2520 {urn:com:appian:types}test Object transported.
2016-04-12 19:16:41.122 DEBUG dataStore 2626 _a-0000dcb6-31b2-8000-9ccd-01ef9001ef90_2603 Begin transport.
2016-04-12 19:16:41.122 DEBUG dataStore 2626 _a-0000dcb6-31b2-8000-9ccd-01ef9001ef90_2603 Retrieving object data.
2016-04-12 19:16:41.135 DEBUG dataStore 2626 _a-0000dcb6-31b2-8000-9ccd-01ef9001ef90_2603 Setting uuids of object references.
2016-04-12 19:16:41.139 DEBUG dataStore 2626 _a-0000dcb6-31b2-8000-9ccd-01ef9001ef90_2603 Processing reference: datatypeRef[id=2480]
2016-04-12 19:16:41.139 DEBUG dataStore 2626 _a-0000dcb6-31b2-8000-9ccd-01ef9001ef90_2603 Processing reference: ContentRole[name=administrators,inherit=false,allowForAll=false]
2016-04-12 19:16:41.139 DEBUG dataStore 2626 _a-0000dcb6-31b2-8000-9ccd-01ef9001ef90_2603 Processing reference: ContentRole[name=authors,inherit=false,allowForAll=false]
2016-04-12 19:16:41.139 DEBUG dataStore 2626 _a-0000dcb6-31b2-8000-9ccd-01ef9001ef90_2603 Processing reference: ContentRole[name=denyAdministrators,inherit=false,allowForAll=false]
2016-04-12 19:16:41.139 DEBUG dataStore 2626 _a-0000dcb6-31b2-8000-9ccd-01ef9001ef90_2603 Processing reference: ContentRole[name=denyAuthors,inherit=false,allowForAll=false]
2016-04-12 19:16:41.139 DEBUG dataStore 2626 _a-0000dcb6-31b2-8000-9ccd-01ef9001ef90_2603 Processing reference: ContentRole[name=denyReaders,inherit=false,allowForAll=false]
2016-04-12 19:16:41.139 DEBUG dataStore 2626 _a-0000dcb6-31b2-8000-9ccd-01ef9001ef90_2603 Processing reference: ContentRole[name=readers,inherit=false,allowForAll=false]
2016-04-12 19:16:41.139 DEBUG dataStore 2626 _a-0000dcb6-31b2-8000-9ccd-01ef9001ef90_2603 Exporting binary resources.
2016-04-12 19:16:41.139 DEBUG dataStore 2626 _a-0000dcb6-31b2-8000-9ccd-01ef9001ef90_2603 Serializing object to XML.
2016-04-12 19:16:41.14 DEBUG dataStore 2626 _a-0000dcb6-31b2-8000-9ccd-01ef9001ef90_2603 Object transported.
2016-04-12 19:16:41.142 DEBUG content 2561 _a-0000dcae-4e27-8000-9ccd-01ef9001ef90_2561 Begin transport.
2016-04-12 19:16:41.142 DEBUG content 2561 _a-0000dcae-4e27-8000-9ccd-01ef9001ef90_2561 Retrieving object data.
2016-04-12 19:16:41.146 DEBUG content 2561 _a-0000dcae-4e27-8000-9ccd-01ef9001ef90_2561 Setting uuids of object references.
2016-04-12 19:16:41.149 DEBUG content 2561 _a-0000dcae-4e27-8000-9ccd-01ef9001ef90_2561 Processing reference: RulesFolder.forum
2016-04-12 19:16:41.149 DEBUG content 2561 _a-0000dcae-4e27-8000-9ccd-01ef9001ef90_2561 Processing reference: RulesFolder.parent
2016-04-12 19:16:41.151 DEBUG content 2561 _a-0000dcae-4e27-8000-9ccd-01ef9001ef90_2561 Processing reference: com.appiancorp.suiteapi.content.ContentRoleMap@78765ac8[
  ContentRole[name=readers,inherit=false,allowForAll=false]
  ContentRole[name=authors,inherit=false,allowForAll=false]
  ContentRole[name=administrators,groupIds=[8],inherit=false,allowForAll=false]
  ContentRole[name=denyReaders,inherit=false,allowForAll=false]
  ContentRole[name=denyAuthors,inherit=false,allowForAll=false]
  ContentRole[name=denyAdministrators,inherit=false,allowForAll=false]
  securityVector=1:SEC_PUBLIC=true,SEC_CREATOR_ADMIN=false,SEC_INH_ADMIN=false,SEC_INH_EDITOR=false,SEC_INH_VIEWER=false,SEC_ALL_ADMIN=false,SEC_ALL_EDITOR=false,SEC_ALL_VIEWER=false
]
2016-04-12 19:16:41.151 DEBUG content 2561 _a-0000dcae-4e27-8000-9ccd-01ef9001ef90_2561 Processing reference: ContentRole[name=readers,inherit=false,allowForAll=false]
2016-04-12 19:16:41.151 DEBUG content 2561 _a-0000dcae-4e27-8000-9ccd-01ef9001ef90_2561 Processing reference: ContentRole[name=authors,inherit=false,allowForAll=false]
2016-04-12 19:16:41.151 DEBUG content 2561 _a-0000dcae-4e27-8000-9ccd-01ef9001ef90_2561 Processing reference: ContentRole[name=administrators,groupIds=[8],inherit=false,allowForAll=false]
2016-04-12 19:16:41.152 DEBUG content 2561 _a-0000dcae-4e27-8000-9ccd-01ef9001ef90_2561 Processing reference: ContentRole[name=denyReaders,inherit=false,allowForAll=false]
2016-04-12 19:16:41.152 DEBUG content 2561 _a-0000dcae-4e27-8000-9ccd-01ef9001ef90_2561 Processing reference: ContentRole[name=denyAuthors,inherit=false,allowForAll=false]
2016-04-12 19:16:41.152 DEBUG content 2561 _a-0000dcae-4e27-8000-9ccd-01ef9001ef90_2561 Processing reference: ContentRole[name=denyAdministrators,inherit=false,allowForAll=false]
2016-04-12 19:16:41.152 DEBUG content 2561 _a-0000dcae-4e27-8000-9ccd-01ef9001ef90_2561 Exporting binary resources.
2016-04-12 19:16:41.152 DEBUG content 2561 _a-0000dcae-4e27-8000-9ccd-01ef9001ef90_2561 Serializing object to XML.
2016-04-12 19:16:41.153 DEBUG content 2561 _a-0000dcae-4e27-8000-9ccd-01ef9001ef90_2561 Object transported.
2016-04-12 19:16:41.153 DEBUG content 2562 _a-0000dcae-4e27-8000-9ccd-01ef9001ef90_2562 Begin transport.
2016-04-12 19:16:41.153 DEBUG content 2562 _a-0000dcae-4e27-8000-9ccd-01ef9001ef90_2562 Retrieving object data.
2016-04-12 19:16:41.156 DEBUG content 2562 _a-0000dcae-4e27-8000-9ccd-01ef9001ef90_2562 Setting uuids of object references.
2016-04-12 19:16:41.156 DEBUG content 2562 _a-0000dcae-4e27-8000-9ccd-01ef9001ef90_2562 Processing reference: RulesFolder.forum
2016-04-12 19:16:41.157 DEBUG content 2562 _a-0000dcae-4e27-8000-9ccd-01ef9001ef90_2562 Processing reference: RulesFolder.parent
2016-04-12 19:16:41.158 DEBUG content 2562 _a-0000dcae-4e27-8000-9ccd-01ef9001ef90_2562 Processing reference: com.appiancorp.suiteapi.content.ContentRoleMap@44c8ad29[
  ContentRole[name=readers,inherit=true,allowForAll=false]
  ContentRole[name=authors,inherit=true,allowForAll=false]
  ContentRole[name=administrators,inherit=true,allowForAll=false]
  ContentRole[name=denyReaders,inherit=false,allowForAll=false]
  ContentRole[name=denyAuthors,inherit=false,allowForAll=false]
  ContentRole[name=denyAdministrators,inherit=false,allowForAll=false]
  securityVector=15:SEC_PUBLIC=true,SEC_CREATOR_ADMIN=false,SEC_INH_ADMIN=true,SEC_INH_EDITOR=true,SEC_INH_VIEWER=true,SEC_ALL_ADMIN=false,SEC_ALL_EDITOR=false,SEC_ALL_VIEWER=false
]
2016-04-12 19:16:41.159 DEBUG content 2562 _a-0000dcae-4e27-8000-9ccd-01ef9001ef90_2562 Processing reference: ContentRole[name=readers,inherit=true,allowForAll=false]
2016-04-12 19:16:41.159 DEBUG content 2562 _a-0000dcae-4e27-8000-9ccd-01ef9001ef90_2562 Processing reference: ContentRole[name=authors,inherit=true,allowForAll=false]
2016-04-12 19:16:41.159 DEBUG content 2562 _a-0000dcae-4e27-8000-9ccd-01ef9001ef90_2562 Processing reference: ContentRole[name=administrators,inherit=true,allowForAll=false]
2016-04-12 19:16:41.159 DEBUG content 2562 _a-0000dcae-4e27-8000-9ccd-01ef9001ef90_2562 Processing reference: ContentRole[name=denyReaders,inherit=false,allowForAll=false]
2016-04-12 19:16:41.159 DEBUG content 2562 _a-0000dcae-4e27-8000-9ccd-01ef9001ef90_2562 Processing reference: ContentRole[name=denyAuthors,inherit=false,allowForAll=false]
2016-04-12 19:16:41.159 DEBUG content 2562 _a-0000dcae-4e27-8000-9ccd-01ef9001ef90_2562 Processing reference: ContentRole[name=denyAdministrators,inherit=false,allowForAll=false]
2016-04-12 19:16:41.159 DEBUG content 2562 _a-0000dcae-4e27-8000-9ccd-01ef9001ef90_2562 Exporting binary resources.
2016-04-12 19:16:41.159 DEBUG content 2562 _a-0000dcae-4e27-8000-9ccd-01ef9001ef90_2562 Serializing object to XML.
2016-04-12 19:16:41.16 DEBUG content 2562 _a-0000dcae-4e27-8000-9ccd-01ef9001ef90_2562 Object transported.
2016-04-12 19:16:41.16 DEBUG content 2563 _a-0000dcae-4e27-8000-9ccd-01ef9001ef90_2563 Begin transport.
2016-04-12 19:16:41.16 DEBUG content 2563 _a-0000dcae-4e27-8000-9ccd-01ef9001ef90_2563 Retrieving object data.
2016-04-12 19:16:41.163 DEBUG content 2563 _a-0000dcae-4e27-8000-9ccd-01ef9001ef90_2563 Setting uuids of object references.
2016-04-12 19:16:41.163 DEBUG content 2563 _a-0000dcae-4e27-8000-9ccd-01ef9001ef90_2563 Processing reference: RulesFolder.forum
2016-04-12 19:16:41.163 DEBUG content 2563 _a-0000dcae-4e27-8000-9ccd-01ef9001ef90_2563 Processing reference: RulesFolder.parent
2016-04-12 19:16:41.165 DEBUG content 2563 _a-0000dcae-4e27-8000-9ccd-01ef9001ef90_2563 Processing reference: com.appiancorp.suiteapi.content.ContentRoleMap@6c4d9792[
  ContentRole[name=readers,inherit=true,allowForAll=false]
  ContentRole[name=authors,inherit=true,allowForAll=false]
  ContentRole[name=administrators,inherit=true,allowForAll=false]
  ContentRole[name=denyReaders,inherit=false,allowForAll=false]
  ContentRole[name=denyAuthors,inherit=false,allowForAll=false]
  ContentRole[name=denyAdministrators,inherit=false,allowForAll=false]
  securityVector=15:SEC_PUBLIC=true,SEC_CREATOR_ADMIN=false,SEC_INH_ADMIN=true,SEC_INH_EDITOR=true,SEC_INH_VIEWER=true,SEC_ALL_ADMIN=false,SEC_ALL_EDITOR=false,SEC_ALL_VIEWER=false
]
2016-04-12 19:16:41.165 DEBUG content 2563 _a-0000dcae-4e27-8000-9ccd-01ef9001ef90_2563 Processing reference: ContentRole[name=readers,inherit=true,allowForAll=false]
2016-04-12 19:16:41.165 DEBUG content 2563 _a-0000dcae-4e27-8000-9ccd-01ef9001ef90_2563 Processing reference: ContentRole[name=authors,inherit=true,allowForAll=false]
2016-04-12 19:16:41.165 DEBUG content 2563 _a-0000dcae-4e27-8000-9ccd-01ef9001ef90_2563 Processing reference: ContentRole[name=administrators,inherit=true,allowForAll=false]
2016-04-12 19:16:41.165 DEBUG content 2563 _a-0000dcae-4e27-8000-9ccd-01ef9001ef90_2563 Processing reference: ContentRole[name=denyReaders,inherit=false,allowForAll=false]
2016-04-12 19:16:41.165 DEBUG content 2563 _a-0000dcae-4e27-8000-9ccd-01ef9001ef90_2563 Processing reference: ContentRole[name=denyAuthors,inherit=false,allowForAll=false]
2016-04-12 19:16:41.165 DEBUG content 2563 _a-0000dcae-4e27-8000-9ccd-01ef9001ef90_2563 Processing reference: ContentRole[name=denyAdministrators,inherit=false,allowForAll=false]
2016-04-12 19:16:41.166 DEBUG content 2563 _a-0000dcae-4e27-8000-9ccd-01ef9001ef90_2563 Exporting binary resources.
2016-04-12 19:16:41.166 DEBUG content 2563 _a-0000dcae-4e27-8000-9ccd-01ef9001ef90_2563 Serializing object to XML.
2016-04-12 19:16:41.166 DEBUG content 2563 _a-0000dcae-4e27-8000-9ccd-01ef9001ef90_2563 Object transported.
2016-04-12 19:16:41.166 DEBUG content 2564 _a-0000dcae-4e27-8000-9ccd-01ef9001ef90_2564 Begin transport.
2016-04-12 19:16:41.166 DEBUG content 2564 _a-0000dcae-4e27-8000-9ccd-01ef9001ef90_2564 Retrieving object data.
2016-04-12 19:16:41.169 DEBUG content 2564 _a-0000dcae-4e27-8000-9ccd-01ef9001ef90_2564 Setting uuids of object references.
2016-04-12 19:16:41.169 DEBUG content 2564 _a-0000dcae-4e27-8000-9ccd-01ef9001ef90_2564 Processing reference: RulesFolder.forum
2016-04-12 19:16:41.17 DEBUG content 2564 _a-0000dcae-4e27-8000-9ccd-01ef9001ef90_2564 Processing reference: RulesFolder.parent
2016-04-12 19:16:41.171 DEBUG content 2564 _a-0000dcae-4e27-8000-9ccd-01ef9001ef90_2564 Processing reference: com.appiancorp.suiteapi.content.ContentRoleMap@2361fd11[
  ContentRole[name=readers,inherit=true,allowForAll=false]
  ContentRole[name=authors,inherit=true,allowForAll=false]
  ContentRole[name=administrators,inherit=true,allowForAll=false]
  ContentRole[name=denyReaders,inherit=false,allowForAll=false]
  ContentRole[name=denyAuthors,inherit=false,allowForAll=false]
  ContentRole[name=denyAdministrators,inherit=false,allowForAll=false]
  securityVector=15:SEC_PUBLIC=true,SEC_CREATOR_ADMIN=false,SEC_INH_ADMIN=true,SEC_INH_EDITOR=true,SEC_INH_VIEWER=true,SEC_ALL_ADMIN=false,SEC_ALL_EDITOR=false,SEC_ALL_VIEWER=false
]
2016-04-12 19:16:41.171 DEBUG content 2564 _a-0000dcae-4e27-8000-9ccd-01ef9001ef90_2564 Processing reference: ContentRole[name=readers,inherit=true,allowForAll=false]
2016-04-12 19:16:41.171 DEBUG content 2564 _a-0000dcae-4e27-8000-9ccd-01ef9001ef90_2564 Processing reference: ContentRole[name=authors,inherit=true,allowForAll=false]
2016-04-12 19:16:41.171 DEBUG content 2564 _a-0000dcae-4e27-8000-9ccd-01ef9001ef90_2564 Processing reference: ContentRole[name=administrators,inherit=true,allowForAll=false]
2016-04-12 19:16:41.171 DEBUG content 2564 _a-0000dcae-4e27-8000-9ccd-01ef9001ef90_2564 Processing reference: ContentRole[name=denyReaders,inherit=false,allowForAll=false]
2016-04-12 19:16:41.172 DEBUG content 2564 _a-0000dcae-4e27-8000-9ccd-01ef9001ef90_2564 Processing reference: ContentRole[name=denyAuthors,inherit=false,allowForAll=false]
2016-04-12 19:16:41.172 DEBUG content 2564 _a-0000dcae-4e27-8000-9ccd-01ef9001ef90_2564 Processing reference: ContentRole[name=denyAdministrators,inherit=false,allowForAll=false]
2016-04-12 19:16:41.172 DEBUG content 2564 _a-0000dcae-4e27-8000-9ccd-01ef9001ef90_2564 Exporting binary resources.
2016-04-12 19:16:41.172 DEBUG content 2564 _a-0000dcae-4e27-8000-9ccd-01ef9001ef90_2564 Serializing object to XML.
2016-04-12 19:16:41.172 DEBUG content 2564 _a-0000dcae-4e27-8000-9ccd-01ef9001ef90_2564 Object transported.
2016-04-12 19:16:41.172 DEBUG content 2565 _a-0000dcae-4e27-8000-9ccd-01ef9001ef90_2565 Begin transport.
2016-04-12 19:16:41.172 DEBUG content 2565 _a-0000dcae-4e27-8000-9ccd-01ef9001ef90_2565 Retrieving object data.
2016-04-12 19:16:41.175 DEBUG content 2565 _a-0000dcae-4e27-8000-9ccd-01ef9001ef90_2565 Setting uuids of object references.
2016-04-12 19:16:41.175 DEBUG content 2565 _a-0000dcae-4e27-8000-9ccd-01ef9001ef90_2565 Processing reference: RulesFolder.forum
2016-04-12 19:16:41.175 DEBUG content 2565 _a-0000dcae-4e27-8000-9ccd-01ef9001ef90_2565 Processing reference: RulesFolder.parent
2016-04-12 19:16:41.177 DEBUG content 2565 _a-0000dcae-4e27-8000-9ccd-01ef9001ef90_2565 Processing reference: com.appiancorp.suiteapi.content.ContentRoleMap@207debdd[
  ContentRole[name=readers,inherit=true,allowForAll=false]
  ContentRole[name=authors,inherit=true,allowForAll=false]
  ContentRole[name=administrators,inherit=true,allowForAll=false]
  ContentRole[name=denyReaders,inherit=false,allowForAll=false]
  ContentRole[name=denyAuthors,inherit=false,allowForAll=false]
  ContentRole[name=denyAdministrators,inherit=false,allowForAll=false]
  securityVector=15:SEC_PUBLIC=true,SEC_CREATOR_ADMIN=false,SEC_INH_ADMIN=true,SEC_INH_EDITOR=true,SEC_INH_VIEWER=true,SEC_ALL_ADMIN=false,SEC_ALL_EDITOR=false,SEC_ALL_VIEWER=false
]
2016-04-12 19:16:41.177 DEBUG content 2565 _a-0000dcae-4e27-8000-9ccd-01ef9001ef90_2565 Processing reference: ContentRole[name=readers,inherit=true,allowForAll=false]
2016-04-12 19:16:41.177 DEBUG content 2565 _a-0000dcae-4e27-8000-9ccd-01ef9001ef90_2565 Processing reference: ContentRole[name=authors,inherit=true,allowForAll=false]
2016-04-12 19:16:41.177 DEBUG content 2565 _a-0000dcae-4e27-8000-9ccd-01ef9001ef90_2565 Processing reference: ContentRole[name=administrators,inherit=true,allowForAll=false]
2016-04-12 19:16:41.177 DEBUG content 2565 _a-0000dcae-4e27-8000-9ccd-01ef9001ef90_2565 Processing reference: ContentRole[name=denyReaders,inherit=false,allowForAll=false]
2016-04-12 19:16:41.177 DEBUG content 2565 _a-0000dcae-4e27-8000-9ccd-01ef9001ef90_2565 Processing reference: ContentRole[name=denyAuthors,inherit=false,allowForAll=false]
2016-04-12 19:16:41.177 DEBUG content 2565 _a-0000dcae-4e27-8000-9ccd-01ef9001ef90_2565 Processing reference: ContentRole[name=denyAdministrators,inherit=false,allowForAll=false]
2016-04-12 19:16:41.177 DEBUG content 2565 _a-0000dcae-4e27-8000-9ccd-01ef9001ef90_2565 Exporting binary resources.
2016-04-12 19:16:41.177 DEBUG content 2565 _a-0000dcae-4e27-8000-9ccd-01ef9001ef90_2565 Serializing object to XML.
2016-04-12 19:16:41.178 DEBUG content 2565 _a-0000dcae-4e27-8000-9ccd-01ef9001ef90_2565 Object transported.
2016-04-12 19:16:41.178 DEBUG content 2566 _a-0000dcae-4e27-8000-9ccd-01ef9001ef90_2566 Begin transport.
2016-04-12 19:16:41.178 DEBUG content 2566 _a-0000dcae-4e27-8000-9ccd-01ef9001ef90_2566 Retrieving object data.
2016-04-12 19:16:41.181 DEBUG content 2566 _a-0000dcae-4e27-8000-9ccd-01ef9001ef90_2566 Setting uuids of object references.
2016-04-12 19:16:41.181 DEBUG content 2566 _a-0000dcae-4e27-8000-9ccd-01ef9001ef90_2566 Processing reference: RulesFolder.forum
2016-04-12 19:16:41.182 DEBUG content 2566 _a-0000dcae-4e27-8000-9ccd-01ef9001ef90_2566 Processing reference: RulesFolder.parent
2016-04-12 19:16:41.183 DEBUG content 2566 _a-0000dcae-4e27-8000-9ccd-01ef9001ef90_2566 Processing reference: com.appiancorp.suiteapi.content.ContentRoleMap@4f5be340[
  ContentRole[name=readers,inherit=true,allowForAll=false]
  ContentRole[name=authors,inherit=true,allowForAll=false]
  ContentRole[name=administrators,inherit=true,allowForAll=false]
  ContentRole[name=denyReaders,inherit=false,allowForAll=false]
  ContentRole[name=denyAuthors,inherit=false,allowForAll=false]
  ContentRole[name=denyAdministrators,inherit=false,allowForAll=false]
  securityVector=15:SEC_PUBLIC=true,SEC_CREATOR_ADMIN=false,SEC_INH_ADMIN=true,SEC_INH_EDITOR=true,SEC_INH_VIEWER=true,SEC_ALL_ADMIN=false,SEC_ALL_EDITOR=false,SEC_ALL_VIEWER=false
]
2016-04-12 19:16:41.184 DEBUG content 2566 _a-0000dcae-4e27-8000-9ccd-01ef9001ef90_2566 Processing reference: ContentRole[name=readers,inherit=true,allowForAll=false]
2016-04-12 19:16:41.184 DEBUG content 2566 _a-0000dcae-4e27-8000-9ccd-01ef9001ef90_2566 Processing reference: ContentRole[name=authors,inherit=true,allowForAll=false]
2016-04-12 19:16:41.184 DEBUG content 2566 _a-0000dcae-4e27-8000-9ccd-01ef9001ef90_2566 Processing reference: ContentRole[name=administrators,inherit=true,allowForAll=false]
2016-04-12 19:16:41.184 DEBUG content 2566 _a-0000dcae-4e27-8000-9ccd-01ef9001ef90_2566 Processing reference: ContentRole[name=denyReaders,inherit=false,allowForAll=false]
2016-04-12 19:16:41.184 DEBUG content 2566 _a-0000dcae-4e27-8000-9ccd-01ef9001ef90_2566 Processing reference: ContentRole[name=denyAuthors,inherit=false,allowForAll=false]
2016-04-12 19:16:41.184 DEBUG content 2566 _a-0000dcae-4e27-8000-9ccd-01ef9001ef90_2566 Processing reference: ContentRole[name=denyAdministrators,inherit=false,allowForAll=false]
2016-04-12 19:16:41.184 DEBUG content 2566 _a-0000dcae-4e27-8000-9ccd-01ef9001ef90_2566 Exporting binary resources.
2016-04-12 19:16:41.184 DEBUG content 2566 _a-0000dcae-4e27-8000-9ccd-01ef9001ef90_2566 Serializing object to XML.
2016-04-12 19:16:41.185 DEBUG content 2566 _a-0000dcae-4e27-8000-9ccd-01ef9001ef90_2566 Object transported.
2016-04-12 19:16:41.185 DEBUG content 2615 _a-0000dcae-4e27-8000-9ccd-01ef9001ef90_2567 Begin transport.
2016-04-12 19:16:41.185 DEBUG content 2615 _a-0000dcae-4e27-8000-9ccd-01ef9001ef90_2567 Retrieving object data.
2016-04-12 19:16:41.195 DEBUG content 2615 _a-0000dcae-4e27-8000-9ccd-01ef9001ef90_2567 Setting uuids of object references.
2016-04-12 19:16:41.195 DEBUG content 2615 _a-0000dcae-4e27-8000-9ccd-01ef9001ef90_2567 Processing reference: [Content:id=2567,versionId=-1,name=VFM_TASK_EXPIRATION_TIME_IN_HOURS,description=,type=32,subtype=0,uuid=_a-0000dcae-4e27-8000-9ccd-01ef9001ef90_2567,parent=2563,parentName=VFM Constants,parentType=2,log=2615,logName=VFM_TASK_EXPIRATION_TIME_IN_HOURS,state=255,visibility=35,security=15,creator=courtney.koenig,createdTimestamp=2016-03-29 15:00:50.0,updatedTimestamp=2016-03-29 15:00:50.0,size=0,lockedBy=,changesRequireApproval=false,attributes={system=0, hidden=0, ruletype=0, multiple=0, value=2, returnType=1},partition=1,partitionName=C:/appian/3-21-16v16.1/_admin/accdocs1]
2016-04-12 19:16:41.206 DEBUG content 2615 _a-0000dcae-4e27-8000-9ccd-01ef9001ef90_2567 Processing reference: Constant.forum
2016-04-12 19:16:41.207 DEBUG content 2615 _a-0000dcae-4e27-8000-9ccd-01ef9001ef90_2567 Processing reference: Constant.parent
2016-04-12 19:16:41.208 DEBUG content 2615 _a-0000dcae-4e27-8000-9ccd-01ef9001ef90_2567 Processing reference: com.appiancorp.suiteapi.content.ContentRoleMap@41f1721a[
  ContentRole[name=readers,inherit=true,allowForAll=false]
  ContentRole[name=authors,inherit=true,allowForAll=false]
  ContentRole[name=administrators,inherit=true,allowForAll=false]
  ContentRole[name=denyReaders,inherit=false,allowForAll=false]
  ContentRole[name=denyAuthors,inherit=false,allowForAll=false]
  ContentRole[name=denyAdministrators,inherit=false,allowForAll=false]
  securityVector=15:SEC_PUBLIC=true,SEC_CREATOR_ADMIN=false,SEC_INH_ADMIN=true,SEC_INH_EDITOR=true,SEC_INH_VIEWER=true,SEC_ALL_ADMIN=false,SEC_ALL_EDITOR=false,SEC_ALL_VIEWER=false
]
2016-04-12 19:16:41.209 DEBUG content 2615 _a-0000dcae-4e27-8000-9ccd-01ef9001ef90_2567 Processing reference: ContentRole[name=readers,inherit=true,allowForAll=false]
2016-04-12 19:16:41.209 DEBUG content 2615 _a-0000dcae-4e27-8000-9ccd-01ef9001ef90_2567 Processing reference: ContentRole[name=authors,inherit=true,allowForAll=false]
2016-04-12 19:16:41.209 DEBUG content 2615 _a-0000dcae-4e27-8000-9ccd-01ef9001ef90_2567 Processing reference: ContentRole[name=administrators,inherit=true,allowForAll=false]
2016-04-12 19:16:41.209 DEBUG content 2615 _a-0000dcae-4e27-8000-9ccd-01ef9001ef90_2567 Processing reference: ContentRole[name=denyReaders,inherit=false,allowForAll=false]
2016-04-12 19:16:41.209 DEBUG content 2615 _a-0000dcae-4e27-8000-9ccd-01ef9001ef90_2567 Processing reference: ContentRole[name=denyAuthors,inherit=false,allowForAll=false]
2016-04-12 19:16:41.209 DEBUG content 2615 _a-0000dcae-4e27-8000-9ccd-01ef9001ef90_2567 Processing reference: ContentRole[name=denyAdministrators,inherit=false,allowForAll=false]
2016-04-12 19:16:41.209 DEBUG content 2615 _a-0000dcae-4e27-8000-9ccd-01ef9001ef90_2567 Exporting binary resources.
2016-04-12 19:16:41.209 DEBUG content 2615 _a-0000dcae-4e27-8000-9ccd-01ef9001ef90_2567 Serializing object to XML.
2016-04-12 19:16:41.229 DEBUG content 2615 _a-0000dcae-4e27-8000-9ccd-01ef9001ef90_2567 Object transported.
2016-04-12 19:16:41.229 DEBUG content 2617 _a-0000dcae-4e27-8000-9ccd-01ef9001ef90_2568 Begin transport.
2016-04-12 19:16:41.229 DEBUG content 2617 _a-0000dcae-4e27-8000-9ccd-01ef9001ef90_2568 Retrieving object data.
2016-04-12 19:16:41.232 DEBUG content 2617 _a-0000dcae-4e27-8000-9ccd-01ef9001ef90_2568 Setting uuids of object references.
2016-04-12 19:16:41.232 DEBUG content 2617 _a-0000dcae-4e27-8000-9ccd-01ef9001ef90_2568 Processing reference: [Content:id=2568,versionId=-1,name=VFM_VEHICLE_CATEGORIES,description=value: Small;Economy;Large;Luxury,type=32,subtype=0,uuid=_a-0000dcae-4e27-8000-9ccd-01ef9001ef90_2568,parent=2563,parentName=VFM Constants,parentType=2,log=2617,logName=VFM_VEHICLE_CATEGORIES,state=255,visibility=35,security=15,creator=courtney.koenig,createdTimestamp=2016-03-29 15:00:50.0,updatedTimestamp=2016-03-29 15:00:50.0,size=0,lockedBy=,changesRequireApproval=false,attributes={system=0, hidden=0, ruletype=0, multiple=1, value=[Ljava.lang.String;@214a6271, returnType=3},partition=3,partitionName=C:/appian/3-21-16v16.1/_admin/accdocs3]
2016-04-12 19:16:41.233 DEBUG content 2617 _a-0000dcae-4e27-8000-9ccd-01ef9001ef90_2568 Processing reference: Constant.forum
2016-04-12 19:16:41.233 DEBUG content 2617 _a-0000dcae-4e27-8000-9ccd-01ef9001ef90_2568 Processing reference: Constant.parent
2016-04-12 19:16:41.235 DEBUG content 2617 _a-0000dcae-4e27-8000-9ccd-01ef9001ef90_2568 Processing reference: com.appiancorp.suiteapi.content.ContentRoleMap@38ee596b[
  ContentRole[name=readers,inherit=true,allowForAll=false]
  ContentRole[name=authors,inherit=true,allowForAll=false]
  ContentRole[name=administrators,inherit=true,allowForAll=false]
  ContentRole[name=denyReaders,inherit=false,allowForAll=false]
  ContentRole[name=denyAuthors,inherit=false,allowForAll=false]
  ContentRole[name=denyAdministrators,inherit=false,allowForAll=false]
  securityVector=15:SEC_PUBLIC=true,SEC_CREATOR_ADMIN=false,SEC_INH_ADMIN=true,SEC_INH_EDITOR=true,SEC_INH_VIEWER=true,SEC_ALL_ADMIN=false,SEC_ALL_EDITOR=false,SEC_ALL_VIEWER=false
]
2016-04-12 19:16:41.235 DEBUG content 2617 _a-0000dcae-4e27-8000-9ccd-01ef9001ef90_2568 Processing reference: ContentRole[name=readers,inherit=true,allowForAll=false]
2016-04-12 19:16:41.235 DEBUG content 2617 _a-0000dcae-4e27-8000-9ccd-01ef9001ef90_2568 Processing reference: ContentRole[name=authors,inherit=true,allowForAll=false]
2016-04-12 19:16:41.235 DEBUG content 2617 _a-0000dcae-4e27-8000-9ccd-01ef9001ef90_2568 Processing reference: ContentRole[name=administrators,inherit=true,allowForAll=false]
2016-04-12 19:16:41.235 DEBUG content 2617 _a-0000dcae-4e27-8000-9ccd-01ef9001ef90_2568 Processing reference: ContentRole[name=denyReaders,inherit=false,allowForAll=false]
2016-04-12 19:16:41.235 DEBUG content 2617 _a-0000dcae-4e27-8000-9ccd-01ef9001ef90_2568 Processing reference: ContentRole[name=denyAuthors,inherit=false,allowForAll=false]
2016-04-12 19:16:41.235 DEBUG content 2617 _a-0000dcae-4e27-8000-9ccd-01ef9001ef90_2568 Processing reference: ContentRole[name=denyAdministrators,inherit=false,allowForAll=false]
2016-04-12 19:16:41.235 DEBUG content 2617 _a-0000dcae-4e27-8000-9ccd-01ef9001ef90_2568 Exporting binary resources.
2016-04-12 19:16:41.235 DEBUG content 2617 _a-0000dcae-4e27-8000-9ccd-01ef9001ef90_2568 Serializing object to XML.
2016-04-12 19:16:41.238 DEBUG content 2617 _a-0000dcae-4e27-8000-9ccd-01ef9001ef90_2568 Object transported.
2016-04-12 19:16:41.238 DEBUG content 2616 _a-0000dcae-4e27-8000-9ccd-01ef9001ef90_2569 Begin transport.
2016-04-12 19:16:41.238 DEBUG content 2616 _a-0000dcae-4e27-8000-9ccd-01ef9001ef90_2569 Retrieving object data.
2016-04-12 19:16:41.241 DEBUG content 2616 _a-0000dcae-4e27-8000-9ccd-01ef9001ef90_2569 Setting uuids of object references.
2016-04-12 19:16:41.241 DEBUG content 2616 _a-0000dcae-4e27-8000-9ccd-01ef9001ef90_2569 Processing reference: [Content:id=2569,versionId=-1,name=VFM_RETRY_APPROVAL_COUNTER,description=,type=32,subtype=0,uuid=_a-0000dcae-4e27-8000-9ccd-01ef9001ef90_2569,parent=2563,parentName=VFM Constants,parentType=2,log=2616,logName=VFM_RETRY_APPROVAL_COUNTER,state=255,visibility=35,security=15,creator=courtney.koenig,createdTimestamp=2016-03-29 15:00:50.0,updatedTimestamp=2016-03-29 15:00:50.0,size=0,lockedBy=,changesRequireApproval=false,attributes={system=0, hidden=0, ruletype=0, multiple=0, value=2, returnType=1},partition=2,partitionName=C:/appian/3-21-16v16.1/_admin/accdocs2]
2016-04-12 19:16:41.241 DEBUG content 2616 _a-0000dcae-4e27-8000-9ccd-01ef9001ef90_2569 Processing reference: Constant.forum
2016-04-12 19:16:41.241 DEBUG content 2616 _a-0000dcae-4e27-8000-9ccd-01ef9001ef90_2569 Processing reference: Constant.parent
2016-04-12 19:16:41.243 DEBUG content 2616 _a-0000dcae-4e27-8000-9ccd-01ef9001ef90_2569 Processing reference: com.appiancorp.suiteapi.content.ContentRoleMap@64400152[
  ContentRole[name=readers,inherit=true,allowForAll=false]
  ContentRole[name=authors,inherit=true,allowForAll=false]
  ContentRole[name=administrators,inherit=true,allowForAll=false]
  ContentRole[name=denyReaders,inherit=false,allowForAll=false]
  ContentRole[name=denyAuthors,inherit=false,allowForAll=false]
  ContentRole[name=denyAdministrators,inherit=false,allowForAll=false]
  securityVector=15:SEC_PUBLIC=true,SEC_CREATOR_ADMIN=false,SEC_INH_ADMIN=true,SEC_INH_EDITOR=true,SEC_INH_VIEWER=true,SEC_ALL_ADMIN=false,SEC_ALL_EDITOR=false,SEC_ALL_VIEWER=false
]
2016-04-12 19:16:41.243 DEBUG content 2616 _a-0000dcae-4e27-8000-9ccd-01ef9001ef90_2569 Processing reference: ContentRole[name=readers,inherit=true,allowForAll=false]
2016-04-12 19:16:41.243 DEBUG content 2616 _a-0000dcae-4e27-8000-9ccd-01ef9001ef90_2569 Processing reference: ContentRole[name=authors,inherit=true,allowForAll=false]
2016-04-12 19:16:41.243 DEBUG content 2616 _a-0000dcae-4e27-8000-9ccd-01ef9001ef90_2569 Processing reference: ContentRole[name=administrators,inherit=true,allowForAll=false]
2016-04-12 19:16:41.243 DEBUG content 2616 _a-0000dcae-4e27-8000-9ccd-01ef9001ef90_2569 Processing reference: ContentRole[name=denyReaders,inherit=false,allowForAll=false]
2016-04-12 19:16:41.243 DEBUG content 2616 _a-0000dcae-4e27-8000-9ccd-01ef9001ef90_2569 Processing reference: ContentRole[name=denyAuthors,inherit=false,allowForAll=false]
2016-04-12 19:16:41.243 DEBUG content 2616 _a-0000dcae-4e27-8000-9ccd-01ef9001ef90_2569 Processing reference: ContentRole[name=denyAdministrators,inherit=false,allowForAll=false]
2016-04-12 19:16:41.243 DEBUG content 2616 _a-0000dcae-4e27-8000-9ccd-01ef9001ef90_2569 Exporting binary resources.
2016-04-12 19:16:41.243 DEBUG content 2616 _a-0000dcae-4e27-8000-9ccd-01ef9001ef90_2569 Serializing object to XML.
2016-04-12 19:16:41.245 DEBUG content 2616 _a-0000dcae-4e27-8000-9ccd-01ef9001ef90_2569 Object transported.
2016-04-12 19:16:41.246 DEBUG content 2619 _a-0000dcae-4e27-8000-9ccd-01ef9001ef90_2570 Begin transport.
2016-04-12 19:16:41.246 DEBUG content 2619 _a-0000dcae-4e27-8000-9ccd-01ef9001ef90_2570 Retrieving object data.
2016-04-12 19:16:41.272 DEBUG content 2619 _a-0000dcae-4e27-8000-9ccd-01ef9001ef90_2570 Setting uuids of object references.
2016-04-12 19:16:41.272 DEBUG content 2619 _a-0000dcae-4e27-8000-9ccd-01ef9001ef90_2570 Processing reference: [Content:id=2570,versionId=-1,name=VFM_isVehicleDenied,description=,type=32,subtype=1,uuid=_a-0000dcae-4e27-8000-9ccd-01ef9001ef90_2570,parent=2564,parentName=VFM Expression Rules,parentType=2,log=2619,logName=VFM_isVehicleDenied,state=255,visibility=35,security=15,creator=courtney.koenig,createdTimestamp=2016-03-29 15:00:50.0,updatedTimestamp=2016-03-29 15:00:50.0,size=0,lockedBy=,changesRequireApproval=false,attributes={dep_rules=[Ljava.lang.Long;@542f4573, system=0, preferredEditor=legacy, hidden=0, offlineEnabled=false, ruletype=1, dep_functions=[Ljava.lang.String;@6a995af, definition=or(
  ri!counter > cons!VFM_RETRY_APPROVAL_COUNTER,
  ri!supervisorResponse = "Reject"
), dep_types=[Ljava.lang.String;@3aae9b15, metadataExpr=null, parameters=[Lcom.appiancorp.suiteapi.process.TypedVariable;@667b71ca, dep_variables=[[Ljava.lang.String;@4851a4ab},partition=2,partitionName=C:/appian/3-21-16v16.1/_admin/accdocs2]
2016-04-12 19:16:41.286 DEBUG content 2619 _a-0000dcae-4e27-8000-9ccd-01ef9001ef90_2570 Processing reference: FreeformRule.forum
2016-04-12 19:16:41.287 DEBUG content 2619 _a-0000dcae-4e27-8000-9ccd-01ef9001ef90_2570 Processing reference: TypedVariable[name=counter,it=1,v=<null>]
2016-04-12 19:16:41.287 DEBUG content 2619 _a-0000dcae-4e27-8000-9ccd-01ef9001ef90_2570 Processing reference: TypedVariable[name=supervisorResponse,it=3,v=]
2016-04-12 19:16:41.287 DEBUG content 2619 _a-0000dcae-4e27-8000-9ccd-01ef9001ef90_2570 Processing reference: FreeformRule.parent
2016-04-12 19:16:41.289 DEBUG content 2619 _a-0000dcae-4e27-8000-9ccd-01ef9001ef90_2570 Processing reference: com.appiancorp.suiteapi.content.ContentRoleMap@50d6563b[
  ContentRole[name=readers,inherit=true,allowForAll=false]
  ContentRole[name=authors,inherit=true,allowForAll=false]
  ContentRole[name=administrators,inherit=true,allowForAll=false]
  ContentRole[name=denyReaders,inherit=false,allowForAll=false]
  ContentRole[name=denyAuthors,inherit=false,allowForAll=false]
  ContentRole[name=denyAdministrators,inherit=false,allowForAll=false]
  securityVector=15:SEC_PUBLIC=true,SEC_CREATOR_ADMIN=false,SEC_INH_ADMIN=true,SEC_INH_EDITOR=true,SEC_INH_VIEWER=true,SEC_ALL_ADMIN=false,SEC_ALL_EDITOR=false,SEC_ALL_VIEWER=false
]
2016-04-12 19:16:41.289 DEBUG content 2619 _a-0000dcae-4e27-8000-9ccd-01ef9001ef90_2570 Processing reference: ContentRole[name=readers,inherit=true,allowForAll=false]
2016-04-12 19:16:41.289 DEBUG content 2619 _a-0000dcae-4e27-8000-9ccd-01ef9001ef90_2570 Processing reference: ContentRole[name=authors,inherit=true,allowForAll=false]
2016-04-12 19:16:41.289 DEBUG content 2619 _a-0000dcae-4e27-8000-9ccd-01ef9001ef90_2570 Processing reference: ContentRole[name=administrators,inherit=true,allowForAll=false]
2016-04-12 19:16:41.289 DEBUG content 2619 _a-0000dcae-4e27-8000-9ccd-01ef9001ef90_2570 Processing reference: ContentRole[name=denyReaders,inherit=false,allowForAll=false]
2016-04-12 19:16:41.289 DEBUG content 2619 _a-0000dcae-4e27-8000-9ccd-01ef9001ef90_2570 Processing reference: ContentRole[name=denyAuthors,inherit=false,allowForAll=false]
2016-04-12 19:16:41.289 DEBUG content 2619 _a-0000dcae-4e27-8000-9ccd-01ef9001ef90_2570 Processing reference: ContentRole[name=denyAdministrators,inherit=false,allowForAll=false]
2016-04-12 19:16:41.291 DEBUG content 2619 _a-0000dcae-4e27-8000-9ccd-01ef9001ef90_2570 Exporting binary resources.
2016-04-12 19:16:41.291 DEBUG content 2619 _a-0000dcae-4e27-8000-9ccd-01ef9001ef90_2570 Serializing object to XML.
2016-04-12 19:16:41.3 DEBUG content 2619 _a-0000dcae-4e27-8000-9ccd-01ef9001ef90_2570 Object transported.
2016-04-12 19:16:41.3 DEBUG content 2618 _a-0000dcae-4e27-8000-9ccd-01ef9001ef90_2572 Begin transport.
2016-04-12 19:16:41.3 DEBUG content 2618 _a-0000dcae-4e27-8000-9ccd-01ef9001ef90_2572 Retrieving object data.
2016-04-12 19:16:41.305 DEBUG content 2618 _a-0000dcae-4e27-8000-9ccd-01ef9001ef90_2572 Setting uuids of object references.
2016-04-12 19:16:41.305 DEBUG content 2618 _a-0000dcae-4e27-8000-9ccd-01ef9001ef90_2572 Processing reference: [Content:id=2572,versionId=-1,name=VFM_calculateNextServiceDate,description=,type=32,subtype=1,uuid=_a-0000dcae-4e27-8000-9ccd-01ef9001ef90_2572,parent=2564,parentName=VFM Expression Rules,parentType=2,log=2618,logName=VFM_calculateNextServiceDate,state=255,visibility=35,security=15,creator=courtney.koenig,createdTimestamp=2016-03-29 15:00:50.0,updatedTimestamp=2016-03-29 15:00:50.0,size=0,lockedBy=,changesRequireApproval=false,attributes={dep_rules=[Ljava.lang.Long;@74282433, system=0, preferredEditor=legacy, hidden=0, offlineEnabled=false, ruletype=1, dep_functions=[Ljava.lang.String;@140081de, definition=if(contains({cons!VFM_VEHICLE_CATEGORIES[4]},ri!vehicleType),
edate(ri!dateUpdated,3),
edate(ri!dateUpdated,6)
), dep_types=[Ljava.lang.String;@215b1301, metadataExpr=null, parameters=[Lcom.appiancorp.suiteapi.process.TypedVariable;@1f85cf44, dep_variables=[[Ljava.lang.String;@2a39693b},partition=1,partitionName=C:/appian/3-21-16v16.1/_admin/accdocs1]
2016-04-12 19:16:41.311 DEBUG content 2618 _a-0000dcae-4e27-8000-9ccd-01ef9001ef90_2572 Processing reference: FreeformRule.forum
2016-04-12 19:16:41.312 DEBUG content 2618 _a-0000dcae-4e27-8000-9ccd-01ef9001ef90_2572 Processing reference: TypedVariable[name=vehicleType,it=3,v=]
2016-04-12 19:16:41.312 DEBUG content 2618 _a-0000dcae-4e27-8000-9ccd-01ef9001ef90_2572 Processing reference: TypedVariable[name=dateUpdated,it=9,v=<null>]
2016-04-12 19:16:41.312 DEBUG content 2618 _a-0000dcae-4e27-8000-9ccd-01ef9001ef90_2572 Processing reference: FreeformRule.parent
2016-04-12 19:16:41.314 DEBUG content 2618 _a-0000dcae-4e27-8000-9ccd-01ef9001ef90_2572 Processing reference: com.appiancorp.suiteapi.content.ContentRoleMap@268a740b[
  ContentRole[name=readers,inherit=true,allowForAll=false]
  ContentRole[name=authors,inherit=true,allowForAll=false]
  ContentRole[name=administrators,inherit=true,allowForAll=false]
  ContentRole[name=denyReaders,inherit=false,allowForAll=false]
  ContentRole[name=denyAuthors,inherit=false,allowForAll=false]
  ContentRole[name=denyAdministrators,inherit=false,allowForAll=false]
  securityVector=15:SEC_PUBLIC=true,SEC_CREATOR_ADMIN=false,SEC_INH_ADMIN=true,SEC_INH_EDITOR=true,SEC_INH_VIEWER=true,SEC_ALL_ADMIN=false,SEC_ALL_EDITOR=false,SEC_ALL_VIEWER=false
]
2016-04-12 19:16:41.314 DEBUG content 2618 _a-0000dcae-4e27-8000-9ccd-01ef9001ef90_2572 Processing reference: ContentRole[name=readers,inherit=true,allowForAll=false]
2016-04-12 19:16:41.314 DEBUG content 2618 _a-0000dcae-4e27-8000-9ccd-01ef9001ef90_2572 Processing reference: ContentRole[name=authors,inherit=true,allowForAll=false]
2016-04-12 19:16:41.314 DEBUG content 2618 _a-0000dcae-4e27-8000-9ccd-01ef9001ef90_2572 Processing reference: ContentRole[name=administrators,inherit=true,allowForAll=false]
2016-04-12 19:16:41.314 DEBUG content 2618 _a-0000dcae-4e27-8000-9ccd-01ef9001ef90_2572 Processing reference: ContentRole[name=denyReaders,inherit=false,allowForAll=false]
2016-04-12 19:16:41.314 DEBUG content 2618 _a-0000dcae-4e27-8000-9ccd-01ef9001ef90_2572 Processing reference: ContentRole[name=denyAuthors,inherit=false,allowForAll=false]
2016-04-12 19:16:41.314 DEBUG content 2618 _a-0000dcae-4e27-8000-9ccd-01ef9001ef90_2572 Processing reference: ContentRole[name=denyAdministrators,inherit=false,allowForAll=false]
2016-04-12 19:16:41.314 DEBUG content 2618 _a-0000dcae-4e27-8000-9ccd-01ef9001ef90_2572 Exporting binary resources.
2016-04-12 19:16:41.314 DEBUG content 2618 _a-0000dcae-4e27-8000-9ccd-01ef9001ef90_2572 Serializing object to XML.
2016-04-12 19:16:41.318 DEBUG content 2618 _a-0000dcae-4e27-8000-9ccd-01ef9001ef90_2572 Object transported.
2016-04-12 19:16:41.318 DEBUG content 2580 _a-0000dcaf-5d63-8000-9ccd-01ef9001ef90_2581 Begin transport.
2016-04-12 19:16:41.318 DEBUG content 2580 _a-0000dcaf-5d63-8000-9ccd-01ef9001ef90_2581 Retrieving object data.
2016-04-12 19:16:41.322 DEBUG content 2580 _a-0000dcaf-5d63-8000-9ccd-01ef9001ef90_2581 Setting uuids of object references.
2016-04-12 19:16:41.324 DEBUG content 2580 _a-0000dcaf-5d63-8000-9ccd-01ef9001ef90_2581 Processing reference: CommunityKnowledgeCenter.forum
2016-04-12 19:16:41.325 DEBUG content 2580 _a-0000dcaf-5d63-8000-9ccd-01ef9001ef90_2581 Processing reference: CommunityKnowledgeCenter.parent
2016-04-12 19:16:41.327 DEBUG content 2580 _a-0000dcaf-5d63-8000-9ccd-01ef9001ef90_2581 Processing reference: com.appiancorp.suiteapi.content.ContentRoleMap@5dd78c3a[
  ContentRole[name=readers,inherit=false,allowForAll=false]
  ContentRole[name=authors,inherit=false,allowForAll=false]
  ContentRole[name=administrators,inherit=true,allowForAll=false]
  ContentRole[name=denyReaders,inherit=false,allowForAll=false]
  ContentRole[name=denyAuthors,inherit=false,allowForAll=false]
  ContentRole[name=denyAdministrators,inherit=false,allowForAll=false]
  securityVector=9:SEC_PUBLIC=true,SEC_CREATOR_ADMIN=false,SEC_INH_ADMIN=true,SEC_INH_EDITOR=false,SEC_INH_VIEWER=false,SEC_ALL_ADMIN=false,SEC_ALL_EDITOR=false,SEC_ALL_VIEWER=false
]
2016-04-12 19:16:41.327 DEBUG content 2580 _a-0000dcaf-5d63-8000-9ccd-01ef9001ef90_2581 Processing reference: ContentRole[name=readers,inherit=false,allowForAll=false]
2016-04-12 19:16:41.327 DEBUG content 2580 _a-0000dcaf-5d63-8000-9ccd-01ef9001ef90_2581 Processing reference: ContentRole[name=authors,inherit=false,allowForAll=false]
2016-04-12 19:16:41.327 DEBUG content 2580 _a-0000dcaf-5d63-8000-9ccd-01ef9001ef90_2581 Processing reference: ContentRole[name=administrators,inherit=true,allowForAll=false]
2016-04-12 19:16:41.327 DEBUG content 2580 _a-0000dcaf-5d63-8000-9ccd-01ef9001ef90_2581 Processing reference: ContentRole[name=denyReaders,inherit=false,allowForAll=false]
2016-04-12 19:16:41.327 DEBUG content 2580 _a-0000dcaf-5d63-8000-9ccd-01ef9001ef90_2581 Processing reference: ContentRole[name=denyAuthors,inherit=false,allowForAll=false]
2016-04-12 19:16:41.327 DEBUG content 2580 _a-0000dcaf-5d63-8000-9ccd-01ef9001ef90_2581 Processing reference: ContentRole[name=denyAdministrators,inherit=false,allowForAll=false]
2016-04-12 19:16:41.327 DEBUG content 2580 _a-0000dcaf-5d63-8000-9ccd-01ef9001ef90_2581 Exporting binary resources.
2016-04-12 19:16:41.327 DEBUG content 2580 _a-0000dcaf-5d63-8000-9ccd-01ef9001ef90_2581 Serializing object to XML.
2016-04-12 19:16:41.328 DEBUG content 2580 _a-0000dcaf-5d63-8000-9ccd-01ef9001ef90_2581 Object transported.
2016-04-12 19:16:41.328 DEBUG content 2581 _a-0000dcaf-5d63-8000-9ccd-01ef9001ef90_2582 Begin transport.
2016-04-12 19:16:41.328 DEBUG content 2581 _a-0000dcaf-5d63-8000-9ccd-01ef9001ef90_2582 Retrieving object data.
2016-04-12 19:16:41.339 DEBUG content 2581 _a-0000dcaf-5d63-8000-9ccd-01ef9001ef90_2582 Setting uuids of object references.
2016-04-12 19:16:41.34 DEBUG content 2581 _a-0000dcaf-5d63-8000-9ccd-01ef9001ef90_2582 Processing reference: KnowledgeFolder.forum
2016-04-12 19:16:41.34 DEBUG content 2581 _a-0000dcaf-5d63-8000-9ccd-01ef9001ef90_2582 Processing reference: KnowledgeFolder.parent
2016-04-12 19:16:41.342 DEBUG content 2581 _a-0000dcaf-5d63-8000-9ccd-01ef9001ef90_2582 Processing reference: com.appiancorp.suiteapi.content.ContentRoleMap@58bb2884[
  ContentRole[name=readers,inherit=true,allowForAll=false]
  ContentRole[name=authors,inherit=true,allowForAll=false]
  ContentRole[name=administrators,inherit=true,allowForAll=false]
  ContentRole[name=denyReaders,inherit=false,allowForAll=false]
  ContentRole[name=denyAuthors,inherit=false,allowForAll=false]
  ContentRole[name=denyAdministrators,inherit=false,allowForAll=false]
  securityVector=15:SEC_PUBLIC=true,SEC_CREATOR_ADMIN=false,SEC_INH_ADMIN=true,SEC_INH_EDITOR=true,SEC_INH_VIEWER=true,SEC_ALL_ADMIN=false,SEC_ALL_EDITOR=false,SEC_ALL_VIEWER=false
]
2016-04-12 19:16:41.343 DEBUG content 2581 _a-0000dcaf-5d63-8000-9ccd-01ef9001ef90_2582 Processing reference: ContentRole[name=readers,inherit=true,allowForAll=false]
2016-04-12 19:16:41.343 DEBUG content 2581 _a-0000dcaf-5d63-8000-9ccd-01ef9001ef90_2582 Processing reference: ContentRole[name=authors,inherit=true,allowForAll=false]
2016-04-12 19:16:41.343 DEBUG content 2581 _a-0000dcaf-5d63-8000-9ccd-01ef9001ef90_2582 Processing reference: ContentRole[name=administrators,inherit=true,allowForAll=false]
2016-04-12 19:16:41.343 DEBUG content 2581 _a-0000dcaf-5d63-8000-9ccd-01ef9001ef90_2582 Processing reference: ContentRole[name=denyReaders,inherit=false,allowForAll=false]
2016-04-12 19:16:41.343 DEBUG content 2581 _a-0000dcaf-5d63-8000-9ccd-01ef9001ef90_2582 Processing reference: ContentRole[name=denyAuthors,inherit=false,allowForAll=false]
2016-04-12 19:16:41.343 DEBUG content 2581 _a-0000dcaf-5d63-8000-9ccd-01ef9001ef90_2582 Processing reference: ContentRole[name=denyAdministrators,inherit=false,allowForAll=false]
2016-04-12 19:16:41.343 DEBUG content 2581 _a-0000dcaf-5d63-8000-9ccd-01ef9001ef90_2582 Exporting binary resources.
2016-04-12 19:16:41.343 DEBUG content 2581 _a-0000dcaf-5d63-8000-9ccd-01ef9001ef90_2582 Serializing object to XML.
2016-04-12 19:16:41.344 DEBUG content 2581 _a-0000dcaf-5d63-8000-9ccd-01ef9001ef90_2582 Object transported.
2016-04-12 19:16:41.344 DEBUG content 2620 _a-0000dcaf-5d63-8000-9ccd-01ef9001ef90_2583 Begin transport.
2016-04-12 19:16:41.345 DEBUG content 2620 _a-0000dcaf-5d63-8000-9ccd-01ef9001ef90_2583 Retrieving object data.
2016-04-12 19:16:41.349 DEBUG content 2620 _a-0000dcaf-5d63-8000-9ccd-01ef9001ef90_2583 Setting uuids of object references.
2016-04-12 19:16:41.349 DEBUG content 2620 _a-0000dcaf-5d63-8000-9ccd-01ef9001ef90_2583 Processing reference: Document.forum
2016-04-12 19:16:41.35 DEBUG content 2620 _a-0000dcaf-5d63-8000-9ccd-01ef9001ef90_2583 Processing reference: Document.parent
2016-04-12 19:16:41.352 DEBUG content 2620 _a-0000dcaf-5d63-8000-9ccd-01ef9001ef90_2583 Processing reference: com.appiancorp.suiteapi.content.ContentRoleMap@1e7beaf8[
  ContentRole[name=readers,inherit=true,allowForAll=false]
  ContentRole[name=authors,inherit=true,allowForAll=false]
  ContentRole[name=administrators,inherit=true,allowForAll=false]
  ContentRole[name=denyReaders,inherit=false,allowForAll=false]
  ContentRole[name=denyAuthors,inherit=false,allowForAll=false]
  ContentRole[name=denyAdministrators,inherit=false,allowForAll=false]
  securityVector=15:SEC_PUBLIC=true,SEC_CREATOR_ADMIN=false,SEC_INH_ADMIN=true,SEC_INH_EDITOR=true,SEC_INH_VIEWER=true,SEC_ALL_ADMIN=false,SEC_ALL_EDITOR=false,SEC_ALL_VIEWER=false
]
2016-04-12 19:16:41.352 DEBUG content 2620 _a-0000dcaf-5d63-8000-9ccd-01ef9001ef90_2583 Processing reference: ContentRole[name=readers,inherit=true,allowForAll=false]
2016-04-12 19:16:41.352 DEBUG content 2620 _a-0000dcaf-5d63-8000-9ccd-01ef9001ef90_2583 Processing reference: ContentRole[name=authors,inherit=true,allowForAll=false]
2016-04-12 19:16:41.352 DEBUG content 2620 _a-0000dcaf-5d63-8000-9ccd-01ef9001ef90_2583 Processing reference: ContentRole[name=administrators,inherit=true,allowForAll=false]
2016-04-12 19:16:41.352 DEBUG content 2620 _a-0000dcaf-5d63-8000-9ccd-01ef9001ef90_2583 Processing reference: ContentRole[name=denyReaders,inherit=false,allowForAll=false]
2016-04-12 19:16:41.353 DEBUG content 2620 _a-0000dcaf-5d63-8000-9ccd-01ef9001ef90_2583 Processing reference: ContentRole[name=denyAuthors,inherit=false,allowForAll=false]
2016-04-12 19:16:41.353 DEBUG content 2620 _a-0000dcaf-5d63-8000-9ccd-01ef9001ef90_2583 Processing reference: ContentRole[name=denyAdministrators,inherit=false,allowForAll=false]
2016-04-12 19:16:41.353 DEBUG content 2620 _a-0000dcaf-5d63-8000-9ccd-01ef9001ef90_2583 Exporting binary resources.
2016-04-12 19:16:41.513 DEBUG content 2620 _a-0000dcaf-5d63-8000-9ccd-01ef9001ef90_2583 Serializing object to XML.
2016-04-12 19:16:41.514 DEBUG content 2620 _a-0000dcaf-5d63-8000-9ccd-01ef9001ef90_2583 Object transported.
2016-04-12 19:16:41.514 DEBUG content 2621 _a-0000dcaf-5d63-8000-9ccd-01ef9001ef90_2584 Begin transport.
2016-04-12 19:16:41.514 DEBUG content 2621 _a-0000dcaf-5d63-8000-9ccd-01ef9001ef90_2584 Retrieving object data.
2016-04-12 19:16:41.517 DEBUG content 2621 _a-0000dcaf-5d63-8000-9ccd-01ef9001ef90_2584 Setting uuids of object references.
2016-04-12 19:16:41.517 DEBUG content 2621 _a-0000dcaf-5d63-8000-9ccd-01ef9001ef90_2584 Processing reference: [Content:id=2583,versionId=-1,name=TEST_VIDEO_COMPONENT,description=,type=32,subtype=0,uuid=_a-0000dcaf-5d63-8000-9ccd-01ef9001ef90_2584,parent=2561,parentName=VFM Rules and Constants,parentType=2,log=2621,logName=TEST_VIDEO_COMPONENT,state=255,visibility=35,security=15,creator=courtney.koenig,createdTimestamp=2016-03-29 15:00:50.0,updatedTimestamp=2016-03-29 15:00:50.0,size=0,lockedBy=,changesRequireApproval=false,attributes={system=0, hidden=0, ruletype=0, multiple=0, value=2620, returnType=13},partition=3,partitionName=C:/appian/3-21-16v16.1/_admin/accdocs3]
2016-04-12 19:16:41.536 DEBUG content 2621 _a-0000dcaf-5d63-8000-9ccd-01ef9001ef90_2584 Processing reference: Constant.forum
2016-04-12 19:16:41.537 DEBUG content 2621 _a-0000dcaf-5d63-8000-9ccd-01ef9001ef90_2584 Processing reference: Constant.parent
2016-04-12 19:16:41.539 DEBUG content 2621 _a-0000dcaf-5d63-8000-9ccd-01ef9001ef90_2584 Processing reference: com.appiancorp.suiteapi.content.ContentRoleMap@348b71da[
  ContentRole[name=readers,inherit=true,allowForAll=false]
  ContentRole[name=authors,inherit=true,allowForAll=false]
  ContentRole[name=administrators,inherit=true,allowForAll=false]
  ContentRole[name=denyReaders,inherit=false,allowForAll=false]
  ContentRole[name=denyAuthors,inherit=false,allowForAll=false]
  ContentRole[name=denyAdministrators,inherit=false,allowForAll=false]
  securityVector=15:SEC_PUBLIC=true,SEC_CREATOR_ADMIN=false,SEC_INH_ADMIN=true,SEC_INH_EDITOR=true,SEC_INH_VIEWER=true,SEC_ALL_ADMIN=false,SEC_ALL_EDITOR=false,SEC_ALL_VIEWER=false
]
2016-04-12 19:16:41.539 DEBUG content 2621 _a-0000dcaf-5d63-8000-9ccd-01ef9001ef90_2584 Processing reference: ContentRole[name=readers,inherit=true,allowForAll=false]
2016-04-12 19:16:41.539 DEBUG content 2621 _a-0000dcaf-5d63-8000-9ccd-01ef9001ef90_2584 Processing reference: ContentRole[name=authors,inherit=true,allowForAll=false]
2016-04-12 19:16:41.539 DEBUG content 2621 _a-0000dcaf-5d63-8000-9ccd-01ef9001ef90_2584 Processing reference: ContentRole[name=administrators,inherit=true,allowForAll=false]
2016-04-12 19:16:41.539 DEBUG content 2621 _a-0000dcaf-5d63-8000-9ccd-01ef9001ef90_2584 Processing reference: ContentRole[name=denyReaders,inherit=false,allowForAll=false]
2016-04-12 19:16:41.539 DEBUG content 2621 _a-0000dcaf-5d63-8000-9ccd-01ef9001ef90_2584 Processing reference: ContentRole[name=denyAuthors,inherit=false,allowForAll=false]
2016-04-12 19:16:41.539 DEBUG content 2621 _a-0000dcaf-5d63-8000-9ccd-01ef9001ef90_2584 Processing reference: ContentRole[name=denyAdministrators,inherit=false,allowForAll=false]
2016-04-12 19:16:41.539 DEBUG content 2621 _a-0000dcaf-5d63-8000-9ccd-01ef9001ef90_2584 Exporting binary resources.
2016-04-12 19:16:41.539 DEBUG content 2621 _a-0000dcaf-5d63-8000-9ccd-01ef9001ef90_2584 Serializing object to XML.
2016-04-12 19:16:41.542 DEBUG content 2621 _a-0000dcaf-5d63-8000-9ccd-01ef9001ef90_2584 Object transported.
2016-04-12 19:16:41.542 DEBUG content 2622 _a-0000dcb0-ccfe-8000-9ccd-01ef9001ef90_2585 Begin transport.
2016-04-12 19:16:41.542 DEBUG content 2622 _a-0000dcb0-ccfe-8000-9ccd-01ef9001ef90_2585 Retrieving object data.
2016-04-12 19:16:41.566 DEBUG content 2622 _a-0000dcb0-ccfe-8000-9ccd-01ef9001ef90_2585 Setting uuids of object references.
2016-04-12 19:16:41.568 DEBUG content 2622 _a-0000dcb0-ccfe-8000-9ccd-01ef9001ef90_2585 Processing reference: Report.forum
2016-04-12 19:16:41.568 DEBUG content 2622 _a-0000dcb0-ccfe-8000-9ccd-01ef9001ef90_2585 Processing reference: Report.parent
2016-04-12 19:16:41.57 DEBUG content 2622 _a-0000dcb0-ccfe-8000-9ccd-01ef9001ef90_2585 Processing reference: Column[id=0,name=Name,show=true,token=string,expression==pp!name]
2016-04-12 19:16:41.571 DEBUG content 2622 _a-0000dcb0-ccfe-8000-9ccd-01ef9001ef90_2585 Processing reference: com.appiancorp.suiteapi.process.analytics2.DrillPath@0
2016-04-12 19:16:41.571 DEBUG content 2622 _a-0000dcb0-ccfe-8000-9ccd-01ef9001ef90_2585 Processing reference: DrillPath.dashboardId
2016-04-12 19:16:41.571 DEBUG content 2622 _a-0000dcb0-ccfe-8000-9ccd-01ef9001ef90_2585 Processing reference: DrillPath.otherReportId
2016-04-12 19:16:41.571 DEBUG content 2622 _a-0000dcb0-ccfe-8000-9ccd-01ef9001ef90_2585 Processing reference: Column[id=1,name=Status,show=true,token=processstatusicons,expression==process_status()]
2016-04-12 19:16:41.573 DEBUG content 2622 _a-0000dcb0-ccfe-8000-9ccd-01ef9001ef90_2585 Processing reference: com.appiancorp.suiteapi.process.analytics2.DrillPath@0
2016-04-12 19:16:41.573 DEBUG content 2622 _a-0000dcb0-ccfe-8000-9ccd-01ef9001ef90_2585 Processing reference: DrillPath.dashboardId
2016-04-12 19:16:41.573 DEBUG content 2622 _a-0000dcb0-ccfe-8000-9ccd-01ef9001ef90_2585 Processing reference: DrillPath.otherReportId
2016-04-12 19:16:41.573 DEBUG content 2622 _a-0000dcb0-ccfe-8000-9ccd-01ef9001ef90_2585 Processing reference: Column[id=2,name=Start Time,show=true,token=datetime,expression==pp!starttime]
2016-04-12 19:16:41.573 DEBUG content 2622 _a-0000dcb0-ccfe-8000-9ccd-01ef9001ef90_2585 Processing reference: com.appiancorp.suiteapi.process.analytics2.DrillPath@0
2016-04-12 19:16:41.573 DEBUG content 2622 _a-0000dcb0-ccfe-8000-9ccd-01ef9001ef90_2585 Processing reference: DrillPath.dashboardId
2016-04-12 19:16:41.574 DEBUG content 2622 _a-0000dcb0-ccfe-8000-9ccd-01ef9001ef90_2585 Processing reference: DrillPath.otherReportId
2016-04-12 19:16:41.574 DEBUG content 2622 _a-0000dcb0-ccfe-8000-9ccd-01ef9001ef90_2585 Processing reference: ReportDisplay.customBarGraphXMLId
2016-04-12 19:16:41.574 DEBUG content 2622 _a-0000dcb0-ccfe-8000-9ccd-01ef9001ef90_2585 Processing reference: ReportDisplay.customLineGraphXMLId
2016-04-12 19:16:41.574 DEBUG content 2622 _a-0000dcb0-ccfe-8000-9ccd-01ef9001ef90_2585 Processing reference: ReportDisplay.customPieGraphXMLId
2016-04-12 19:16:41.575 DEBUG content 2622 _a-0000dcb0-ccfe-8000-9ccd-01ef9001ef90_2585 Processing reference: com.appiancorp.suiteapi.content.ContentRoleMap@3c0c63d7[
  ContentRole[name=readers,inherit=true,allowForAll=false]
  ContentRole[name=authors,inherit=true,allowForAll=false]
  ContentRole[name=administrators,usernames=[courtney.koenig],inherit=true,allowForAll=false]
  ContentRole[name=denyReaders,inherit=false,allowForAll=false]
  ContentRole[name=denyAuthors,inherit=false,allowForAll=false]
  ContentRole[name=denyAdministrators,inherit=false,allowForAll=false]
  securityVector=143:SEC_PUBLIC=true,SEC_CREATOR_ADMIN=true,SEC_INH_ADMIN=true,SEC_INH_EDITOR=true,SEC_INH_VIEWER=true,SEC_ALL_ADMIN=false,SEC_ALL_EDITOR=false,SEC_ALL_VIEWER=false
]
2016-04-12 19:16:41.575 DEBUG content 2622 _a-0000dcb0-ccfe-8000-9ccd-01ef9001ef90_2585 Processing reference: ContentRole[name=readers,inherit=true,allowForAll=false]
2016-04-12 19:16:41.575 DEBUG content 2622 _a-0000dcb0-ccfe-8000-9ccd-01ef9001ef90_2585 Processing reference: ContentRole[name=authors,inherit=true,allowForAll=false]
2016-04-12 19:16:41.575 DEBUG content 2622 _a-0000dcb0-ccfe-8000-9ccd-01ef9001ef90_2585 Processing reference: ContentRole[name=administrators,usernames=[courtney.koenig],inherit=true,allowForAll=false]
2016-04-12 19:16:41.576 DEBUG content 2622 _a-0000dcb0-ccfe-8000-9ccd-01ef9001ef90_2585 Processing reference: ContentRole[name=denyReaders,inherit=false,allowForAll=false]
2016-04-12 19:16:41.576 DEBUG content 2622 _a-0000dcb0-ccfe-8000-9ccd-01ef9001ef90_2585 Processing reference: ContentRole[name=denyAuthors,inherit=false,allowForAll=false]
2016-04-12 19:16:41.576 DEBUG content 2622 _a-0000dcb0-ccfe-8000-9ccd-01ef9001ef90_2585 Processing reference: ContentRole[name=denyAdministrators,inherit=false,allowForAll=false]
2016-04-12 19:16:41.576 DEBUG content 2622 _a-0000dcb0-ccfe-8000-9ccd-01ef9001ef90_2585 Exporting binary resources.
2016-04-12 19:16:41.576 DEBUG content 2622 _a-0000dcb0-ccfe-8000-9ccd-01ef9001ef90_2585 Serializing object to XML.
2016-04-12 19:16:41.579 DEBUG content 2622 _a-0000dcb0-ccfe-8000-9ccd-01ef9001ef90_2585 Object transported.
2016-04-12 19:16:41.579 DEBUG content 2623 _a-0000dcb6-31b2-8000-9ccd-01ef9001ef90_2620 Begin transport.
2016-04-12 19:16:41.579 DEBUG content 2623 _a-0000dcb6-31b2-8000-9ccd-01ef9001ef90_2620 Retrieving object data.
2016-04-12 19:16:41.581 DEBUG content 2623 _a-0000dcb6-31b2-8000-9ccd-01ef9001ef90_2620 Setting uuids of object references.
2016-04-12 19:16:41.582 DEBUG content 2623 _a-0000dcb6-31b2-8000-9ccd-01ef9001ef90_2620 Processing reference: [Content:id=2601,versionId=-1,name=TEST_TEST_DATES_ENTITY,description=,type=32,subtype=0,uuid=_a-0000dcb6-31b2-8000-9ccd-01ef9001ef90_2620,parent=2563,parentName=VFM Constants,parentType=2,log=2623,logName=TEST_TEST_DATES_ENTITY,state=255,visibility=35,security=15,creator=courtney.koenig,createdTimestamp=2016-03-29 15:00:51.0,updatedTimestamp=2016-03-29 15:00:51.0,size=0,lockedBy=,changesRequireApproval=false,attributes={system=0, hidden=0, ruletype=0, multiple=0, value=1bfbebbd-f8e8-4993-8ec5-dde14c673408@2595, returnType=81},partition=1,partitionName=C:/appian/3-21-16v16.1/_admin/accdocs1]
2016-04-12 19:16:41.584 DEBUG content 2623 _a-0000dcb6-31b2-8000-9ccd-01ef9001ef90_2620 Processing reference: Constant.forum
2016-04-12 19:16:41.585 DEBUG content 2623 _a-0000dcb6-31b2-8000-9ccd-01ef9001ef90_2620 Processing reference: Constant.parent
2016-04-12 19:16:41.586 DEBUG content 2623 _a-0000dcb6-31b2-8000-9ccd-01ef9001ef90_2620 Processing reference: com.appiancorp.suiteapi.content.ContentRoleMap@14e959f8[
  ContentRole[name=readers,inherit=true,allowForAll=false]
  ContentRole[name=authors,inherit=true,allowForAll=false]
  ContentRole[name=administrators,inherit=true,allowForAll=false]
  ContentRole[name=denyReaders,inherit=false,allowForAll=false]
  ContentRole[name=denyAuthors,inherit=false,allowForAll=false]
  ContentRole[name=denyAdministrators,inherit=false,allowForAll=false]
  securityVector=15:SEC_PUBLIC=true,SEC_CREATOR_ADMIN=false,SEC_INH_ADMIN=true,SEC_INH_EDITOR=true,SEC_INH_VIEWER=true,SEC_ALL_ADMIN=false,SEC_ALL_EDITOR=false,SEC_ALL_VIEWER=false
]
2016-04-12 19:16:41.586 DEBUG content 2623 _a-0000dcb6-31b2-8000-9ccd-01ef9001ef90_2620 Processing reference: ContentRole[name=readers,inherit=true,allowForAll=false]
2016-04-12 19:16:41.586 DEBUG content 2623 _a-0000dcb6-31b2-8000-9ccd-01ef9001ef90_2620 Processing reference: ContentRole[name=authors,inherit=true,allowForAll=false]
2016-04-12 19:16:41.586 DEBUG content 2623 _a-0000dcb6-31b2-8000-9ccd-01ef9001ef90_2620 Processing reference: ContentRole[name=administrators,inherit=true,allowForAll=false]
2016-04-12 19:16:41.586 DEBUG content 2623 _a-0000dcb6-31b2-8000-9ccd-01ef9001ef90_2620 Processing reference: ContentRole[name=denyReaders,inherit=false,allowForAll=false]
2016-04-12 19:16:41.586 DEBUG content 2623 _a-0000dcb6-31b2-8000-9ccd-01ef9001ef90_2620 Processing reference: ContentRole[name=denyAuthors,inherit=false,allowForAll=false]
2016-04-12 19:16:41.586 DEBUG content 2623 _a-0000dcb6-31b2-8000-9ccd-01ef9001ef90_2620 Processing reference: ContentRole[name=denyAdministrators,inherit=false,allowForAll=false]
2016-04-12 19:16:41.586 DEBUG content 2623 _a-0000dcb6-31b2-8000-9ccd-01ef9001ef90_2620 Exporting binary resources.
2016-04-12 19:16:41.586 DEBUG content 2623 _a-0000dcb6-31b2-8000-9ccd-01ef9001ef90_2620 Serializing object to XML.
2016-04-12 19:16:41.589 DEBUG content 2623 _a-0000dcb6-31b2-8000-9ccd-01ef9001ef90_2620 Object transported.
2016-04-12 19:16:41.589 DEBUG content 2625 _a-0000dcb6-3fcb-8000-9ccd-01ef9001ef90_2622 Begin transport.
2016-04-12 19:16:41.589 DEBUG content 2625 _a-0000dcb6-3fcb-8000-9ccd-01ef9001ef90_2622 Retrieving object data.
2016-04-12 19:16:41.593 DEBUG content 2625 _a-0000dcb6-3fcb-8000-9ccd-01ef9001ef90_2622 Setting uuids of object references.
2016-04-12 19:16:41.594 DEBUG content 2625 _a-0000dcb6-3fcb-8000-9ccd-01ef9001ef90_2622 Processing reference: [Content:id=2603,versionId=-1,name=TEST_addTimeToDateTime,description=This function adds any amount of time to a date time in hours, days, months, or years. It also formats the time to Eastern and accounts for daylight savings.,type=32,subtype=1,uuid=_a-0000dcb6-3fcb-8000-9ccd-01ef9001ef90_2622,parent=2564,parentName=VFM Expression Rules,parentType=2,log=2625,logName=TEST_addTimeToDateTime,state=255,visibility=35,security=15,creator=courtney.koenig,createdTimestamp=2016-03-29 15:00:51.0,updatedTimestamp=2016-03-29 15:00:51.0,size=0,lockedBy=,changesRequireApproval=false,attributes={dep_rules=[Ljava.lang.Long;@5446426c, system=0, preferredEditor=legacy, hidden=0, offlineEnabled=false, ruletype=1, dep_functions=[Ljava.lang.String;@1541b5b8, definition=/*Date Times returned from DB need to be wrapped in GMT and local before using date add functions  gmt(caladdhours(local(ri!startDateTime,"America/New_York"),ri!amount),"America/New_York")*/
if(isnull(ri!interval),null,
 choose(ri!interval,
       caladdhours(ri!startDateTime,ri!amount)/*1 - Hours*/,
        /*GMT accounts for daylights savings*/
        caladddays( ri!startDateTime,ri!amount)  /*2 - Days*/,
        ri!startDateTime  /*3 - Months*/,
        ri!startDateTime  /*4 - Years*/
 ))
, dep_types=[Ljava.lang.String;@10850531, metadataExpr=null, parameters=[Lcom.appiancorp.suiteapi.process.TypedVariable;@386266a6, dep_variables=[[Ljava.lang.String;@5e5116e4},partition=3,partitionName=C:/appian/3-21-16v16.1/_admin/accdocs3]
2016-04-12 19:16:41.597 DEBUG content 2625 _a-0000dcb6-3fcb-8000-9ccd-01ef9001ef90_2622 Processing reference: FreeformRule.forum
2016-04-12 19:16:41.598 DEBUG content 2625 _a-0000dcb6-3fcb-8000-9ccd-01ef9001ef90_2622 Processing reference: TypedVariable[name=amount,it=1,v=<null>]
2016-04-12 19:16:41.598 DEBUG content 2625 _a-0000dcb6-3fcb-8000-9ccd-01ef9001ef90_2622 Processing reference: TypedVariable[name=interval,it=1,v=<null>]
2016-04-12 19:16:41.598 DEBUG content 2625 _a-0000dcb6-3fcb-8000-9ccd-01ef9001ef90_2622 Processing reference: TypedVariable[name=startDateTime,it=9,v=<null>]
2016-04-12 19:16:41.598 DEBUG content 2625 _a-0000dcb6-3fcb-8000-9ccd-01ef9001ef90_2622 Processing reference: FreeformRule.parent
2016-04-12 19:16:41.6 DEBUG content 2625 _a-0000dcb6-3fcb-8000-9ccd-01ef9001ef90_2622 Processing reference: com.appiancorp.suiteapi.content.ContentRoleMap@65c812e6[
  ContentRole[name=readers,inherit=true,allowForAll=false]
  ContentRole[name=authors,inherit=true,allowForAll=false]
  ContentRole[name=administrators,inherit=true,allowForAll=false]
  ContentRole[name=denyReaders,inherit=false,allowForAll=false]
  ContentRole[name=denyAuthors,inherit=false,allowForAll=false]
  ContentRole[name=denyAdministrators,inherit=false,allowForAll=false]
  securityVector=15:SEC_PUBLIC=true,SEC_CREATOR_ADMIN=false,SEC_INH_ADMIN=true,SEC_INH_EDITOR=true,SEC_INH_VIEWER=true,SEC_ALL_ADMIN=false,SEC_ALL_EDITOR=false,SEC_ALL_VIEWER=false
]
2016-04-12 19:16:41.6 DEBUG content 2625 _a-0000dcb6-3fcb-8000-9ccd-01ef9001ef90_2622 Processing reference: ContentRole[name=readers,inherit=true,allowForAll=false]
2016-04-12 19:16:41.6 DEBUG content 2625 _a-0000dcb6-3fcb-8000-9ccd-01ef9001ef90_2622 Processing reference: ContentRole[name=authors,inherit=true,allowForAll=false]
2016-04-12 19:16:41.6 DEBUG content 2625 _a-0000dcb6-3fcb-8000-9ccd-01ef9001ef90_2622 Processing reference: ContentRole[name=administrators,inherit=true,allowForAll=false]
2016-04-12 19:16:41.6 DEBUG content 2625 _a-0000dcb6-3fcb-8000-9ccd-01ef9001ef90_2622 Processing reference: ContentRole[name=denyReaders,inherit=false,allowForAll=false]
2016-04-12 19:16:41.6 DEBUG content 2625 _a-0000dcb6-3fcb-8000-9ccd-01ef9001ef90_2622 Processing reference: ContentRole[name=denyAuthors,inherit=false,allowForAll=false]
2016-04-12 19:16:41.6 DEBUG content 2625 _a-0000dcb6-3fcb-8000-9ccd-01ef9001ef90_2622 Processing reference: ContentRole[name=denyAdministrators,inherit=false,allowForAll=false]
2016-04-12 19:16:41.6 DEBUG content 2625 _a-0000dcb6-3fcb-8000-9ccd-01ef9001ef90_2622 Exporting binary resources.
2016-04-12 19:16:41.6 DEBUG content 2625 _a-0000dcb6-3fcb-8000-9ccd-01ef9001ef90_2622 Serializing object to XML.
2016-04-12 19:16:41.606 DEBUG content 2625 _a-0000dcb6-3fcb-8000-9ccd-01ef9001ef90_2622 Object transported.
2016-04-12 19:16:41.606 DEBUG content 2624 _a-0000dcb6-3fcb-8000-9ccd-01ef9001ef90_2623 Begin transport.
2016-04-12 19:16:41.606 DEBUG content 2624 _a-0000dcb6-3fcb-8000-9ccd-01ef9001ef90_2623 Retrieving object data.
2016-04-12 19:16:41.611 DEBUG content 2624 _a-0000dcb6-3fcb-8000-9ccd-01ef9001ef90_2623 Setting uuids of object references.
2016-04-12 19:16:41.611 DEBUG content 2624 _a-0000dcb6-3fcb-8000-9ccd-01ef9001ef90_2623 Processing reference: [Content:id=2604,versionId=-1,name=TEST_getAllDateTimes,description=,type=32,subtype=1,uuid=_a-0000dcb6-3fcb-8000-9ccd-01ef9001ef90_2623,parent=2565,parentName=VFM Query Rules ,parentType=2,log=2624,logName=TEST_getAllDateTimes,state=255,visibility=35,security=15,creator=courtney.koenig,createdTimestamp=2016-03-29 15:00:51.0,updatedTimestamp=2016-03-29 15:00:51.0,size=0,lockedBy=,changesRequireApproval=false,attributes={dep_rules=[Ljava.lang.Long;@2dc2db4d, system=0, preferredEditor=legacy, hidden=0, offlineEnabled=false, ruletype=1, dep_functions=[Ljava.lang.String;@71ca5684, definition=a!queryEntity(
  entity:cons!TEST_TEST_DATES_ENTITY,
  query:a!query(
    selection:{
      a!querySelection(
        columns:{
          a!queryColumn(
            field:"dateTime"
          )
        }
      )
    },
    pagingInfo:a!pagingInfo(startIndex:1,batchSize:5)
  )
), dep_types=[Ljava.lang.String;@47ac496a, metadataExpr=null, parameters=[Lcom.appiancorp.suiteapi.process.TypedVariable;@725edeea, dep_variables=[[Ljava.lang.String;@497d6b5f},partition=2,partitionName=C:/appian/3-21-16v16.1/_admin/accdocs2]
2016-04-12 19:16:41.617 DEBUG content 2624 _a-0000dcb6-3fcb-8000-9ccd-01ef9001ef90_2623 Processing reference: FreeformRule.forum
2016-04-12 19:16:41.617 DEBUG content 2624 _a-0000dcb6-3fcb-8000-9ccd-01ef9001ef90_2623 Processing reference: FreeformRule.parent
2016-04-12 19:16:41.619 DEBUG content 2624 _a-0000dcb6-3fcb-8000-9ccd-01ef9001ef90_2623 Processing reference: com.appiancorp.suiteapi.content.ContentRoleMap@1656dba0[
  ContentRole[name=readers,inherit=true,allowForAll=false]
  ContentRole[name=authors,inherit=true,allowForAll=false]
  ContentRole[name=administrators,inherit=true,allowForAll=false]
  ContentRole[name=denyReaders,inherit=false,allowForAll=false]
  ContentRole[name=denyAuthors,inherit=false,allowForAll=false]
  ContentRole[name=denyAdministrators,inherit=false,allowForAll=false]
  securityVector=15:SEC_PUBLIC=true,SEC_CREATOR_ADMIN=false,SEC_INH_ADMIN=true,SEC_INH_EDITOR=true,SEC_INH_VIEWER=true,SEC_ALL_ADMIN=false,SEC_ALL_EDITOR=false,SEC_ALL_VIEWER=false
]
2016-04-12 19:16:41.619 DEBUG content 2624 _a-0000dcb6-3fcb-8000-9ccd-01ef9001ef90_2623 Processing reference: ContentRole[name=readers,inherit=true,allowForAll=false]
2016-04-12 19:16:41.619 DEBUG content 2624 _a-0000dcb6-3fcb-8000-9ccd-01ef9001ef90_2623 Processing reference: ContentRole[name=authors,inherit=true,allowForAll=false]
2016-04-12 19:16:41.619 DEBUG content 2624 _a-0000dcb6-3fcb-8000-9ccd-01ef9001ef90_2623 Processing reference: ContentRole[name=administrators,inherit=true,allowForAll=false]
2016-04-12 19:16:41.619 DEBUG content 2624 _a-0000dcb6-3fcb-8000-9ccd-01ef9001ef90_2623 Processing reference: ContentRole[name=denyReaders,inherit=false,allowForAll=false]
2016-04-12 19:16:41.619 DEBUG content 2624 _a-0000dcb6-3fcb-8000-9ccd-01ef9001ef90_2623 Processing reference: ContentRole[name=denyAuthors,inherit=false,allowForAll=false]
2016-04-12 19:16:41.619 DEBUG content 2624 _a-0000dcb6-3fcb-8000-9ccd-01ef9001ef90_2623 Processing reference: ContentRole[name=denyAdministrators,inherit=false,allowForAll=false]
2016-04-12 19:16:41.619 DEBUG content 2624 _a-0000dcb6-3fcb-8000-9ccd-01ef9001ef90_2623 Exporting binary resources.
2016-04-12 19:16:41.619 DEBUG content 2624 _a-0000dcb6-3fcb-8000-9ccd-01ef9001ef90_2623 Serializing object to XML.
2016-04-12 19:16:41.62 DEBUG content 2624 _a-0000dcb6-3fcb-8000-9ccd-01ef9001ef90_2623 Object transported.
2016-04-12 19:16:41.621 DEBUG processModelFolder 2 _g-0000dcb9-fc29-8000-9ccd-014d98014d98_2 Begin transport.
2016-04-12 19:16:41.621 DEBUG processModelFolder 2 _g-0000dcb9-fc29-8000-9ccd-014d98014d98_2 Retrieving object data.
2016-04-12 19:16:41.631 DEBUG processModelFolder 2 _g-0000dcb9-fc29-8000-9ccd-014d98014d98_2 Setting uuids of object references.
2016-04-12 19:16:41.632 DEBUG processModelFolder 2 _g-0000dcb9-fc29-8000-9ccd-014d98014d98_2 Processing reference: ProcessModelFolder.parentFolderId
2016-04-12 19:16:41.632 DEBUG processModelFolder 2 _g-0000dcb9-fc29-8000-9ccd-014d98014d98_2 Processing reference: com.appiancorp.suiteapi.process.ProcessRoleMap@14c7565b[
  Role[name=ADMIN_OWNER]
  Role[name=EDITOR]
  Role[name=EXPLICIT_NONMEMBER]
  Role[name=VIEWER]
  Role[name=MANAGER]
  Role[name=INITIATOR]
]
2016-04-12 19:16:41.632 DEBUG processModelFolder 2 _g-0000dcb9-fc29-8000-9ccd-014d98014d98_2 Processing reference: Role[name=ADMIN_OWNER]
2016-04-12 19:16:41.632 DEBUG processModelFolder 2 _g-0000dcb9-fc29-8000-9ccd-014d98014d98_2 Processing reference: Role[name=EDITOR]
2016-04-12 19:16:41.632 DEBUG processModelFolder 2 _g-0000dcb9-fc29-8000-9ccd-014d98014d98_2 Processing reference: Role[name=EXPLICIT_NONMEMBER]
2016-04-12 19:16:41.632 DEBUG processModelFolder 2 _g-0000dcb9-fc29-8000-9ccd-014d98014d98_2 Processing reference: Role[name=VIEWER]
2016-04-12 19:16:41.632 DEBUG processModelFolder 2 _g-0000dcb9-fc29-8000-9ccd-014d98014d98_2 Processing reference: Role[name=MANAGER]
2016-04-12 19:16:41.632 DEBUG processModelFolder 2 _g-0000dcb9-fc29-8000-9ccd-014d98014d98_2 Processing reference: Role[name=INITIATOR]
2016-04-12 19:16:41.634 DEBUG processModelFolder 2 _g-0000dcb9-fc29-8000-9ccd-014d98014d98_2 Exporting binary resources.
2016-04-12 19:16:41.634 DEBUG processModelFolder 2 _g-0000dcb9-fc29-8000-9ccd-014d98014d98_2 Serializing object to XML.
2016-04-12 19:16:41.634 DEBUG processModelFolder 2 _g-0000dcb9-fc29-8000-9ccd-014d98014d98_2 Object transported.
2016-04-12 19:16:41.635 DEBUG processModel 9 0002dcba-125c-8000-9ccd-014d98014d98 Begin transport.
2016-04-12 19:16:41.636 DEBUG processModel 9 0002dcba-125c-8000-9ccd-014d98014d98 Retrieving object data.
2016-04-12 19:16:41.764 DEBUG processModel 9 0002dcba-125c-8000-9ccd-014d98014d98 Setting uuids of object references.
2016-04-12 19:16:41.767 DEBUG processModel 9 0002dcba-125c-8000-9ccd-014d98014d98 Processing reference: ProcessModelHaul.folderId
2016-04-12 19:16:41.768 DEBUG processModel 9 0002dcba-125c-8000-9ccd-014d98014d98 Processing reference: ProcessModelHaul.modelDashboardPageId
2016-04-12 19:16:41.768 DEBUG processModel 9 0002dcba-125c-8000-9ccd-014d98014d98 Processing reference: ProcessModelHaul.processDashboardPageId
2016-04-12 19:16:41.769 DEBUG processModel 9 0002dcba-125c-8000-9ccd-014d98014d98 Processing reference: ProcessModel.emailAttachmentFolderId
2016-04-12 19:16:41.773 DEBUG processModel 9 0002dcba-125c-8000-9ccd-014d98014d98 Processing reference: ActivityClassParameter[name=pmID,it=23,v=<null>]
2016-04-12 19:16:41.774 DEBUG processModel 9 0002dcba-125c-8000-9ccd-014d98014d98 Processing reference: ActivityClassParameter[name=inMap,it=111,v={}]
2016-04-12 19:16:41.774 DEBUG processModel 9 0002dcba-125c-8000-9ccd-014d98014d98 Processing reference: ActivityClassParameter[name=procInheritsPriority,it=1,v=1]
2016-04-12 19:16:41.774 DEBUG processModel 9 0002dcba-125c-8000-9ccd-014d98014d98 Processing reference: ActivityClassParameter[name=pmUUID,it=3,v=]
2016-04-12 19:16:41.774 DEBUG processModel 9 0002dcba-125c-8000-9ccd-014d98014d98 Processing reference: ActivityClassParameter[name=isAsynchronous,it=26,v=1]
2016-04-12 19:16:41.774 DEBUG processModel 9 0002dcba-125c-8000-9ccd-014d98014d98 Processing reference: ActivityClassParameter[name=isTransparent,it=26,v=1]
2016-04-12 19:16:41.774 DEBUG processModel 9 0002dcba-125c-8000-9ccd-014d98014d98 Processing reference: ActivityClassParameter[name=inheritSecurity,it=26,v=0]
2016-04-12 19:16:41.775 DEBUG processModel 9 0002dcba-125c-8000-9ccd-014d98014d98 Processing reference: com.appiancorp.suiteapi.process.ProcessRoleMap@58242e9c[
  Role[name=ADMIN_OWNER]
  Role[name=EDITOR]
  Role[name=EXPLICIT_NONMEMBER]
  Role[name=VIEWER]
  Role[name=MANAGER]
  Role[name=INITIATOR]
]
2016-04-12 19:16:41.775 DEBUG processModel 9 0002dcba-125c-8000-9ccd-014d98014d98 Processing reference: Role[name=ADMIN_OWNER]
2016-04-12 19:16:41.775 DEBUG processModel 9 0002dcba-125c-8000-9ccd-014d98014d98 Processing reference: Role[name=EDITOR]
2016-04-12 19:16:41.775 DEBUG processModel 9 0002dcba-125c-8000-9ccd-014d98014d98 Processing reference: Role[name=EXPLICIT_NONMEMBER]
2016-04-12 19:16:41.775 DEBUG processModel 9 0002dcba-125c-8000-9ccd-014d98014d98 Processing reference: Role[name=VIEWER]
2016-04-12 19:16:41.775 DEBUG processModel 9 0002dcba-125c-8000-9ccd-014d98014d98 Processing reference: Role[name=MANAGER]
2016-04-12 19:16:41.775 DEBUG processModel 9 0002dcba-125c-8000-9ccd-014d98014d98 Processing reference: Role[name=INITIATOR]
2016-04-12 19:16:41.776 DEBUG processModel 9 0002dcba-125c-8000-9ccd-014d98014d98 Exporting binary resources.
2016-04-12 19:16:41.776 DEBUG processModel 9 0002dcba-125c-8000-9ccd-014d98014d98 Serializing object to XML.
2016-04-12 19:16:41.8 DEBUG processModel 9 0002dcba-125c-8000-9ccd-014d98014d98 Object transported.
2016-04-12 19:16:41.803 DEBUG tempoReport 1 a551f0cc-3635-4f05-ad65-2d3f8ca0e7f1 Begin transport.
2016-04-12 19:16:41.803 DEBUG tempoReport 1 a551f0cc-3635-4f05-ad65-2d3f8ca0e7f1 Retrieving object data.
2016-04-12 19:16:41.845 DEBUG tempoReport 1 a551f0cc-3635-4f05-ad65-2d3f8ca0e7f1 Setting uuids of object references.
2016-04-12 19:16:41.848 DEBUG tempoReport 1 a551f0cc-3635-4f05-ad65-2d3f8ca0e7f1 Processing reference: Role[name=report_administrator,groupIds=[8]]
2016-04-12 19:16:41.849 DEBUG tempoReport 1 a551f0cc-3635-4f05-ad65-2d3f8ca0e7f1 Processing reference: Role[name=report_viewer,groupIds=[7]]
2016-04-12 19:16:41.851 DEBUG tempoReport 1 a551f0cc-3635-4f05-ad65-2d3f8ca0e7f1 Processing reference: UiContainer.uiExpr
2016-04-12 19:16:41.852 DEBUG tempoReport 1 a551f0cc-3635-4f05-ad65-2d3f8ca0e7f1 Exporting binary resources.
2016-04-12 19:16:41.852 DEBUG tempoReport 1 a551f0cc-3635-4f05-ad65-2d3f8ca0e7f1 Serializing object to XML.
2016-04-12 19:16:41.852 DEBUG tempoReport 1 a551f0cc-3635-4f05-ad65-2d3f8ca0e7f1 Object transported.
2016-04-12 19:16:41.855 DEBUG webApi 5 e4d1f3b5-9aa0-46a6-b077-a1a474a0b460 Begin transport.
2016-04-12 19:16:41.855 DEBUG webApi 5 e4d1f3b5-9aa0-46a6-b077-a1a474a0b460 Retrieving object data.
2016-04-12 19:16:41.878 DEBUG webApi 5 e4d1f3b5-9aa0-46a6-b077-a1a474a0b460 Setting uuids of object references.
2016-04-12 19:16:41.879 DEBUG webApi 5 e4d1f3b5-9aa0-46a6-b077-a1a474a0b460 Processing reference: Role[name=web_api_administrator,groupIds=[8]]
2016-04-12 19:16:41.88 DEBUG webApi 5 e4d1f3b5-9aa0-46a6-b077-a1a474a0b460 Processing reference: Role[name=web_api_viewer,groupIds=[7]]
2016-04-12 19:16:41.883 DEBUG webApi 5 e4d1f3b5-9aa0-46a6-b077-a1a474a0b460 Processing reference: WebApi.expression
2016-04-12 19:16:41.888 DEBUG webApi 5 e4d1f3b5-9aa0-46a6-b077-a1a474a0b460 Exporting binary resources.
2016-04-12 19:16:41.888 DEBUG webApi 5 e4d1f3b5-9aa0-46a6-b077-a1a474a0b460 Serializing object to XML.
2016-04-12 19:16:41.889 DEBUG webApi 5 e4d1f3b5-9aa0-46a6-b077-a1a474a0b460 Object transported.
2016-04-12 19:16:41.889 DEBUG application 2556 _a-0000dcae-4c17-8000-9ccd-01ef9001ef90_2556 Exporting binary resources.
2016-04-12 19:16:41.889 DEBUG application 2556 _a-0000dcae-4c17-8000-9ccd-01ef9001ef90_2556 Serializing object to XML.
2016-04-12 19:16:41.891 DEBUG application 2556 _a-0000dcae-4c17-8000-9ccd-01ef9001ef90_2556 Object transported.
